[2026-07-01T23:47:28.136Z] GET https://www.bing.com/search?q=technical+due+diligence+M%26A+software+engineer+career+skills+corporate+development → pending (?ms, ?B)
[2026-07-01T23:47:31.162Z] GET https://r.bing.com/rs/5U/4A/cc,nc/dHh0YRAf6hmaCYSPwqut3Z1i8AA.css?or=w → 200 (198ms, 1405B)
[2026-07-01T23:47:31.162Z] GET https://r.bing.com/rs/5U/4d/cc,nc/SfR2Wg95CO-qcoM_waKy0GTC1lA.css?or=w → 200 (205ms, 1727B)
[2026-07-01T23:47:31.162Z] GET https://r.bing.com/rs/4/L/cc,nc/HRXc0Ol4mny16Z0L2YjjdOUNhJI.css?or=w → 200 (205ms, 2512B)
[2026-07-01T23:47:31.162Z] GET https://r.bing.com/rs/4/P/cc,nc/XY1jJ6klaUWi4F3_c_4HR_oQdGE.css?or=w → 200 (206ms, 1416B)
[2026-07-01T23:47:31.162Z] GET https://r.bing.com/rs/4/T/cc,nc/m6GZivkZTxxG1Uz__10V98VUSi0.css?or=w → 200 (210ms, 1436B)
[2026-07-01T23:47:31.162Z] GET https://r.bing.com/rs/4/19/cc,nc/dpaXuSJlaIdMQpQGH2UEsBGB_W0.css?or=w → 200 (213ms, ?B)
[2026-07-01T23:47:31.182Z] GET https://r.bing.com/rs/4/br/cc,nc/KGkGR9O_9-_z3gmjZgc_n5ed54k.css?or=w → 200 (252ms, ?B)
[2026-07-01T23:47:31.182Z] GET https://r.bing.com/rs/4/c3/cc,nc/ra8pg6BSE7Mw5MI3_aBRhW_HwtM.css?or=w → 200 (254ms, ?B)
[2026-07-01T23:47:31.182Z] GET https://r.bing.com/rs/4/c5/cc,nc/zSceO6IS0K6V2RMeAWIyJ9FAPvg.css?or=w → 200 (257ms, ?B)
[2026-07-01T23:47:31.182Z] GET https://r.bing.com/rs/4/cb/cc,nc/4R7adfHf6e8rieniGCddPNsyHBI.css?or=w → 200 (258ms, ?B)
[2026-07-01T23:47:31.182Z] GET https://r.bing.com/rs/4/ef/cc,nc/RkpQSVjJoNS307YmBaqAKKAl5eM.css?or=w → 200 (280ms, ?B)
[2026-07-01T23:47:31.182Z] GET https://r.bing.com/rp/mMJ0CUkwyy0mI6mvMF0oBcc6tts.br.css → 200 (283ms, ?B)
[2026-07-01T23:47:31.182Z] GET https://r.bing.com/rb/5W/cc,nc/v-ink1ufdbbEmWQ3BU82QC8scyg.css?bu=AYEL&or=w → 200 (286ms, ?B)
[2026-07-01T23:47:31.182Z] GET https://r.bing.com/rb/5W/cc,nc/wlO4TSp30X_-acjYhMjsnKH_mJ8.css?bu=IWdnqwfZB2fpB5AI1gjdCPAIZ2ePCq4NxQ1nrw7iD2dngA6jBKYEZ0mOAbkDZ_kZnBpnZ7QD&or=w → 200 (299ms, ?B)
[2026-07-01T23:47:31.182Z] GET https://r.bing.com/rp/vphmvifmlDJFSop-XZMQJ_Z4Ji4.br.css → pending (?ms, ?B)
[2026-07-01T23:47:31.182Z] GET https://r.bing.com/rb/5W/cir3,cc,nc/CTQoJzCpS8vZEM4cEkixgAZsmHE.css?bu=EOcQ4hGvEroS9RLyE8sU1hTMFZoVnhKDEWfzFGdn&or=w → pending (?ms, ?B)
[2026-07-01T23:47:31.182Z] GET https://r.bing.com/rs/5U/3d/cc,nc/SxXkarLThNItIjv1QYI-2ahPJZk.css?or=w → pending (?ms, ?B)
[2026-07-01T23:47:31.183Z] GET https://r.bing.com/rb/5U/cir3,cc,nc/N8FJYCXTJjwLRbnIWKEJEbHzkMg.css?bu=Bd8VvBXuFfcWhQE&or=w → pending (?ms, ?B)
[2026-07-01T23:47:31.183Z] GET https://r.bing.com/rs/5U/vg/cir3,cc,nc/f_0O7L2mmkogHK9RnriDJLNewp4.css?or=w → pending (?ms, ?B)
[2026-07-01T23:47:31.183Z] GET https://r.bing.com/rs/5U/LD/cc,nc/OiTx_w5ZPNmrXxBD0baM1zXSrbM.css?or=w → pending (?ms, ?B)
[2026-07-01T23:47:31.183Z] GET https://r.bing.com/rp/sYefotpYMNWzb_He9_CKuZS3Nug.br.css → pending (?ms, ?B)
[2026-07-01T23:47:31.183Z] GET https://r.bing.com/rp/aWcvNmbBScgv7y8smTMInr1pX1k.br.css → pending (?ms, ?B)
[2026-07-01T23:47:31.183Z] GET https://r.bing.com/rp/kkAc4HUuMFvzO4de5Ty4igRluu4.br.css → pending (?ms, ?B)
[2026-07-01T23:47:31.183Z] GET https://r.bing.com/rs/5U/vz/cir3,cc,nc/vxaVVTxgEL85nyk0paFVMrCaKwM.css?or=w → pending (?ms, ?B)
[2026-07-01T23:47:31.183Z] GET https://r.bing.com/rs/5U/bj/cc,nc/dasqSyz63ykXo1rNdXhKeVgJuLE.css?or=w → pending (?ms, ?B)
[2026-07-01T23:47:31.183Z] GET https://r.bing.com/rb/5U/cir3,cc,nc/YOQWLL8b80COTRaRTUsUgyMu24A.css?bu=ApsYtxg&or=w → pending (?ms, ?B)
[2026-07-01T23:47:31.183Z] GET https://r.bing.com/rp/4PNPeKhdkXroGBUF4pWtVwUpXZg.br.css → pending (?ms, ?B)
[2026-07-01T23:47:31.183Z] GET https://r.bing.com/rp/wo6buArPgY0EkkAhbMc7EoHe4fQ.br.css → pending (?ms, ?B)
[2026-07-01T23:47:31.183Z] GET https://r.bing.com/rs/5U/1r1/cc,nc/cQK6YehKAp_nCVfrmuIKwRzzWMc.css?or=w → pending (?ms, ?B)
[2026-07-01T23:47:31.183Z] GET https://r.bing.com/rs/2G/O/cc,nc/HUEH797DIe8z-cwNfE6VHV9W4FI.css?or=w → pending (?ms, ?B)
[2026-07-01T23:47:31.183Z] GET https://r.bing.com/rs/4t/h1/cc,nc/-uwPpvSfLsFhfo2sT-v3U1uH3Xo.css?or=w → pending (?ms, ?B)
[2026-07-01T23:47:31.183Z] GET https://r.bing.com/rp/wczR3URZR4-oWjjc5idYK8_hr54.br.css → pending (?ms, ?B)
[2026-07-01T23:47:31.184Z] GET https://r.bing.com/rp/QA01mMR8jFPRQt-lGbR2aB5c8N8.br.css → pending (?ms, ?B)
[2026-07-01T23:47:31.184Z] GET https://r.bing.com/rs/5U/1mI/cc,nc/pHmOVEqTZHoRq6L52AVyBujQxGU.css?or=w → pending (?ms, ?B)
[2026-07-01T23:47:31.184Z] GET https://r.bing.com/rs/5U/1m6/cc,nc/9FNAH2FDxWtpqARABkKgIPJjKX0.css?or=w → pending (?ms, ?B)
[2026-07-01T23:47:31.184Z] GET https://r.bing.com/rs/5U/1hE/cc,nc/d3MKWhpO9CLwpaouWQFhEfFRkC4.css?or=w → pending (?ms, ?B)
[2026-07-01T23:47:31.184Z] GET https://r.bing.com/rs/5U/1hs/cir3,cc,nc/lANMik3NlfVUQCBcZ3iigLENyxc.css?or=w → pending (?ms, ?B)
[2026-07-01T23:47:31.184Z] GET https://r.bing.com/rs/5U/1hK/cir3,cc,nc/bmw-a2aAilQKEULUrrp-mZjCL20.css?or=w → pending (?ms, ?B)
[2026-07-01T23:47:31.184Z] GET https://r.bing.com/rs/5U/px/cir3,cc,nc/uo8l_8vMv_prnO2OFOIn62NKK9I.css?or=w → pending (?ms, ?B)
[2026-07-01T23:47:31.184Z] GET https://r.bing.com/rs/5U/1lJ/cc,nc/vz6dRcgrs5SJNxKwOJOuzho628c.css?or=w → pending (?ms, ?B)
[2026-07-01T23:47:31.184Z] GET https://r.bing.com/rp/sd09ZoqYFtYgki8gbUcaMRzc1N4.br.css → pending (?ms, ?B)
[2026-07-01T23:47:31.184Z] GET https://r.bing.com/rp/FKS192HHDePhRBlTY1nt1-W0c_Q.br.css → pending (?ms, ?B)
[2026-07-01T23:47:31.184Z] GET https://www.bing.com/rp/G4zs3GwQ49RV2fotjF7gr1LGo2k.br.js → pending (?ms, ?B)
[2026-07-01T23:47:31.184Z] GET https://r.bing.com/rp/b0wb-PPG5V2NYLlQshXcY-UkPwk.br.js → pending (?ms, ?B)
[2026-07-01T23:47:31.184Z] GET https://r.bing.com/rs/5U/ur/cir3,cc,nc/NA01FcDoQNBG4hrb0M_2gwXhWHc.css?or=w → pending (?ms, ?B)
[2026-07-01T23:47:31.184Z] GET https://r.bing.com/rs/4/7/cc,nc/subLxTb7u3F7TIT50B66H1QD28I.css?or=w → pending (?ms, ?B)
[2026-07-01T23:47:31.184Z] GET https://r.bing.com/rs/4/f/cc,nc/wgFVGa7g8sfe_ycPGGR-qspJzv8.css?or=w → pending (?ms, ?B)
[2026-07-01T23:47:31.184Z] GET https://r.bing.com/rs/4/p/cc,nc/XNzamTTrJtRNh2HS09eCNoFGHk4.css?or=w → pending (?ms, ?B)
[2026-07-01T23:47:31.184Z] GET https://r.bing.com/rs/4/H/cc,nc/X4bDwurSJyqY-DKKAjIsTHBDoGw.css?or=w → pending (?ms, ?B)
[2026-07-01T23:47:31.185Z] GET https://r.bing.com/rs/4/J/cc,nc/cUG38_RNQ36D7zDaC9NTOlMu83w.css?or=w → 200 (248ms, ?B)
[2026-07-01T23:47:31.185Z] GET https://r.bing.com/rs/4/4r/cc,nc/nI08w6N8jhrY2wDSytZ2AC7UgSA.css?or=w → pending (?ms, ?B)
[2026-07-01T23:47:31.185Z] GET https://r.bing.com/rs/4/4v/cc,nc/2JbRhA4tc8Dwn6W_bLgFHDTDo1o.css?or=w → pending (?ms, ?B)
[2026-07-01T23:47:31.185Z] GET https://r.bing.com/rs/4/4F/cc,nc/_ugksdJLaoxUEvsa8alT4BTM5NI.css?or=w → 200 (282ms, ?B)
[2026-07-01T23:47:31.185Z] GET https://r.bing.com/rs/4/6d/cc,nc/aZA-sbK40fi6Df7Z-XgPJ6P6Mxg.css?or=w → 200 (221ms, ?B)
[2026-07-01T23:47:31.185Z] GET https://r.bing.com/rs/4/bh/cc,nc/mcCrZWz3NY5gjJewmcPIkLZ3h5c.css?or=w → 200 (215ms, ?B)
[2026-07-01T23:47:31.185Z] GET https://r.bing.com/rs/4/bl/cc,nc/DqyoN9ve4F95kcuTmzWN4ugdtaY.css?or=w → 200 (223ms, ?B)
[2026-07-01T23:47:31.185Z] GET https://r.bing.com/rs/4/bp/cc,nc/aQpM49nLjBZOa7Hv5tE5F2T06y4.css?or=w → pending (?ms, ?B)
[2026-07-01T23:47:31.185Z] GET https://r.bing.com/rs/4/bv/cc,nc/Gi5outXoe5_J3R_zgxEjzv9uu7o.css?or=w → pending (?ms, ?B)
[2026-07-01T23:47:31.185Z] GET https://r.bing.com/rs/4/bx/cc,nc/V-vQwNTizuJEc03TGIkO2Lja8Xg.css?or=w → pending (?ms, ?B)
[2026-07-01T23:47:31.185Z] GET https://r.bing.com/rs/4/bH/cc,nc/nhGxCCiZWVyh7cmBIQhGY2zde7o.css?or=w → pending (?ms, ?B)
[2026-07-01T23:47:31.185Z] GET https://r.bing.com/rs/4/bX/cc,nc/2ms6PozTyQH0w_c-77AHT7rZZfI.css?or=w → pending (?ms, ?B)
[2026-07-01T23:47:31.185Z] GET https://r.bing.com/rs/4/gD/cc,nc/x49L2j72FppcfdX2pwL2vqpnObg.css?or=w → pending (?ms, ?B)
[2026-07-01T23:47:31.185Z] GET https://r.bing.com/rs/4/gF/cc,nc/SMoyWwBk7AmKoO-r86uLLL9IdgU.css?or=w → pending (?ms, ?B)
[2026-07-01T23:47:31.185Z] GET https://r.bing.com/rs/4/gL/cc,nc/c3lIa0HUZaz7XLMDar_ubnie80g.css?or=w → pending (?ms, ?B)
[2026-07-01T23:47:31.185Z] GET https://r.bing.com/rs/4/i3/cc,nc/n5Xz6cy8m70ygnqhEWU_Z-yB3oY.css?or=w → pending (?ms, ?B)
[2026-07-01T23:47:31.185Z] GET https://r.bing.com/rs/4/nP/cc,nc/qKG05WI44bkdWuSvR64m-KDTmgY.css?or=w → pending (?ms, ?B)
[2026-07-01T23:47:31.185Z] GET https://r.bing.com/rs/4/nR/cc,nc/kuNkCBJ8oJzWc4USu6ZS8EBn5JA.css?or=w → pending (?ms, ?B)
[2026-07-01T23:47:31.186Z] GET https://r.bing.com/rs/5U/4D/cc,nc/VZoFV9s35xjYakNRNUAa5xixDmY.css?or=w → pending (?ms, ?B)
[2026-07-01T23:47:31.186Z] GET https://r.bing.com/rp/DdIan34CdnO_mwaVGLvaVrAzb4k.br.css → pending (?ms, ?B)
[2026-07-01T23:47:31.186Z] GET https://r.bing.com/rp/d1CTdFN2PzYdPJfj02hT834p0CA.br.css → pending (?ms, ?B)
[2026-07-01T23:47:31.186Z] GET https://r.bing.com/rp/RuJsq8eAYqkavNQ_kj9tyr6ZZ4U.br.css → pending (?ms, ?B)
[2026-07-01T23:47:31.187Z] GET https://r.bing.com/rp/jtpxBePsvUFmTZwzC-m3R5yrkho.br.css → pending (?ms, ?B)
[2026-07-01T23:47:31.187Z] GET https://r.bing.com/rp/ePcj8EzRbToipkYHrdWvAv_CReY.br.css → pending (?ms, ?B)
[2026-07-01T23:47:31.187Z] GET https://r.bing.com/rp/pOT5RmYJAe2Oo_7Nsf7nd3HvIjU.br.css → pending (?ms, ?B)
[2026-07-01T23:47:31.187Z] GET https://r.bing.com/rp/r1W3Us9sqNEEDTV-z9ivBVemdOs.br.css → pending (?ms, ?B)
[2026-07-01T23:47:31.188Z] GET https://r.bing.com/rp/rcJx5DodqqK-wxOI4K71tEgPVuE.br.css → pending (?ms, ?B)
[2026-07-01T23:47:31.188Z] GET https://r.bing.com/rb/4R/cc,nc/J_tUzBdnrg-qe7OZGXNsVKq_YLY.css?bu=ApkRrBE&or=w → pending (?ms, ?B)
[2026-07-01T23:47:31.188Z] GET https://r.bing.com/rs/4K/y/cc,nc/lc44kvJbSFClgrui80iLCiq6wS0.css?or=w → pending (?ms, ?B)
[2026-07-01T23:47:31.188Z] GET https://r.bing.com/rs/4f/et/cc,nc/-G_YKFrphkyl83D0HTgpMefXo7c.css?or=w → pending (?ms, ?B)
[2026-07-01T23:47:31.188Z] GET https://r.bing.com/rs/4f/fF/cc,nc/Md9t-VwqRroJrBwvmyQ1fJJEXqQ.css?or=w → pending (?ms, ?B)
[2026-07-01T23:47:31.188Z] GET https://r.bing.com/rs/4f/dK/cir3,cc,nc/5gFAL7Id0yWkqqPO1crOKHL1NzM.css?or=w → pending (?ms, ?B)
[2026-07-01T23:47:31.189Z] GET https://r.bing.com/rs/60/Jo/cc,nc/ThBGCIdM7xR9bMgK2_mTcZBKJWo.css?or=w → pending (?ms, ?B)
[2026-07-01T23:47:31.189Z] GET https://r.bing.com/rs/60/Jr/cc,nc/qcYlxqUVoG6wDSdBGrbKI_U4rrc.css?or=w → pending (?ms, ?B)
[2026-07-01T23:47:31.189Z] GET https://r.bing.com/rs/60/pB/cc,nc/HAb4VzEDmsAqEVOXboBq2LA7rfk.css?or=w → pending (?ms, ?B)
[2026-07-01T23:47:31.189Z] GET https://r.bing.com/rs/60/oz/cc,nc/Hw2A9r7gYIeNnkorOsH6LRi6dK0.css?or=w → pending (?ms, ?B)
[2026-07-01T23:47:31.189Z] GET https://r.bing.com/rs/60/oI/cc,nc/YNj8WC5Nib_Ou0lFcp5pE1SKv8w.css?or=w → pending (?ms, ?B)
[2026-07-01T23:47:31.189Z] GET https://r.bing.com/rs/60/6l/cir3,cc,nc/xI7APxHEFbZQw9wCH_UiR6jMb4Q.css?or=w → pending (?ms, ?B)
[2026-07-01T23:47:31.189Z] GET https://r.bing.com/rs/60/4o/cir3,cc,nc/T7Se5boKmcj-z3f329uZQbwymvY.css?or=w → pending (?ms, ?B)
[2026-07-01T23:47:31.189Z] GET https://r.bing.com/rs/60/3T/cc,nc/cU6FQQNV68haiyFfNvVN_GkM3mo.css?or=w → pending (?ms, ?B)
[2026-07-01T23:47:31.189Z] GET https://r.bing.com/rs/60/55/cir3,cc,nc/yxbM3Sd2R1N4rBDSqoattkdFsgE.css?or=w → pending (?ms, ?B)
[2026-07-01T23:47:31.189Z] GET https://r.bing.com/rs/60/av/cc,nc/2Ejq51Q1OBwCo3JPiW_-ydb0r0Y.css?or=w → pending (?ms, ?B)
[2026-07-01T23:47:31.189Z] GET https://r.bing.com/rs/60/8E/cir3,cc,nc/F8_u6_t3C1pyZBg8BJu0djxhvDU.css?or=w → pending (?ms, ?B)
[2026-07-01T23:47:31.190Z] GET https://r.bing.com/rs/60/4b/cir3,cc,nc/hBK1_2xhnG8R8vJ2Hlzo6KwsYS4.css?or=w → pending (?ms, ?B)
[2026-07-01T23:47:31.190Z] GET https://r.bing.com/rp/GwvTDzr-_7Ipq8Y_s09cnrmtIeY.br.css → pending (?ms, ?B)
[2026-07-01T23:47:31.190Z] GET https://r.bing.com/rs/60/iO/cc,nc/4OlqWNHbEtcrJKzIo3cIu60HGhM.css?or=w → pending (?ms, ?B)
[2026-07-01T23:47:31.190Z] GET https://r.bing.com/rs/60/jb/cc,nc/dUofHZzWHvvJpQR9jnGCR6HFBJE.css?or=w → pending (?ms, ?B)
[2026-07-01T23:47:31.190Z] GET https://r.bing.com/rs/60/kf/cc,nc/f4JvMZOsPFYyjCyDnZsT7VeJz3o.css?or=w → pending (?ms, ?B)
[2026-07-01T23:47:31.190Z] GET https://r.bing.com/rp/xiLiwvf1fPHGHn1FtpBZ7OjyW7k.br.css → pending (?ms, ?B)
[2026-07-01T23:47:31.190Z] GET https://r.bing.com/rb/3U/cc,nc/r6KjdhIcY0vRnVja4Yojc7Y1VOI.css?bu=AusB7AE&or=w → pending (?ms, ?B)
[2026-07-01T23:47:31.190Z] GET https://r.bing.com/rp/tH67fvQiF0nalrIJQQCukA-8_u4.br.css → pending (?ms, ?B)
[2026-07-01T23:47:31.190Z] GET https://r.bing.com/rp/eak_FCgBpqskOiPX4Wwovili9-g.br.js → pending (?ms, ?B)
[2026-07-01T23:47:31.190Z] GET https://r.bing.com/rp/C_c5gjtK4f01O4LfPUZBkQROMF4.br.js → pending (?ms, ?B)
[2026-07-01T23:47:31.190Z] GET https://r.bing.com/rp/7xJHoaPMPrE8RaLHLYedT4Q20b0.br.js → pending (?ms, ?B)
[2026-07-01T23:47:31.190Z] GET https://r.bing.com/rp/FIrq4n7XJcH-bxJlHvalz0nETAA.br.js → pending (?ms, ?B)
[2026-07-01T23:47:31.827Z] GET https://r.bing.com/rp/EX_mgILPdYtFnI-37m1pZn5YKII.png → 200 (2ms, 7637B)
[2026-07-01T23:47:31.976Z] GET https://r.bing.com/rp/0J47_h3CrL7lOTh2hkBM0lYDGbQ.br.css → 200 (37ms, 7238B)
[2026-07-01T23:47:31.976Z] GET https://r.bing.com/rb/4I/cir3,cc,nc/aCnfQtUnolhY6o7dD5Srmuee_3A.css?bu=CKkCwQOJBOoCrQKkBKcEswI&or=w → 200 (31ms, 5391B)
[2026-07-01T23:47:31.976Z] GET https://r.bing.com/rb/4I/cir3,cc,nc/DxRoqaDGkDNppb8bljXAIMmXGdY.css?bu=BOwDnQSbBK0D&or=w → 200 (39ms, 3258B)
[2026-07-01T23:47:32.010Z] GET https://www.bing.com/fd/ls/l?IG=EE7987E22919465A9CFC5300555C56EA&CID=041CEDB4A335603C09D5FA3DA21D61E9&Type=Event.CPT&DATA={%22pp%22:{%22S%22:%22L%22,%22FC%22:658,%22BC%22:660,%22SE%22:-1,%22TC%22:-1,%22H%22:823,%22BP%22:827,%22CT%22:829,%22IL%22:1},%22ad%22:[-1,-1,1280,720,1280,1733,1],%22net%22:%22undefined%22}&P=SERP&DA=SJCE01&MN=SERP&dl=5 → 200 (25ms, 11B)
[2026-07-01T23:47:32.031Z] GET https://r.bing.com/rs/6s/gm/jnc,nj/tlifxqsNyCzxIJnRwtQKuZToQQw.js?or=w → 200 (255ms, -1407B)
[2026-07-01T23:47:32.031Z] GET https://r.bing.com/rp/pgHdqZ_B7jLHwcfyhL5E5dCLXpc.br.js → 200 (136ms, 1365B)
[2026-07-01T23:47:32.031Z] GET https://r.bing.com/rp/Tzi0lFhZU13XYuDY050dWBV6DfQ.br.js → 200 (138ms, 741B)
[2026-07-01T23:47:32.031Z] GET https://r.bing.com/rp/R-OIXOLn-Vr0XopaKa9K48CgYs8.br.js → 200 (139ms, 271B)
[2026-07-01T23:47:32.031Z] GET https://r.bing.com/rp/-V5wTZcrW0CU8Mo8ihfH5VDKems.br.js → 200 (165ms, 105B)
[2026-07-01T23:47:32.031Z] GET https://r.bing.com/rp/xcSIsTDS1yhrulkVnoR1WFVhdrI.br.js → 200 (167ms, 315B)
[2026-07-01T23:47:32.032Z] GET https://r.bing.com/rp/cfKt7bw67nxWZkkgOIRReDE3rQI.br.js → 200 (225ms, -959B)
[2026-07-01T23:47:32.032Z] GET https://r.bing.com/rp/yt5G3936XbeOUUYvhktH-Zp37Ac.br.js → 200 (200ms, 103B)
[2026-07-01T23:47:32.032Z] GET https://r.bing.com/rp/ikHX-hlyfHuZmHc50q1pcAAQP5E.br.js → 200 (201ms, 264B)
[2026-07-01T23:47:32.033Z] GET https://r.bing.com/rp/En6blPJcqovigCz6Ix1FLnXHt24.br.js → 200 (202ms, 642B)
[2026-07-01T23:47:32.033Z] GET https://r.bing.com/rp/PwjTjLAwycFuq4i8wD3bcxhdgN8.br.js → 200 (211ms, 694B)
[2026-07-01T23:47:32.033Z] GET https://r.bing.com/rp/6r0416GnMn0B1a7ZAYesBCElPxc.br.js → 200 (212ms, 818B)
[2026-07-01T23:47:32.033Z] GET https://r.bing.com/rp/Qj1qM0JDuM3J3-o_UUl5XOSD1y8.br.js → 200 (215ms, 1322B)
[2026-07-01T23:47:32.033Z] GET https://r.bing.com/rs/6s/gm/jnc,nj/tlifxqsNyCzxIJnRwtQKuZToQQw.js?or=w → 200 (222ms, -1407B)
[2026-07-01T23:47:32.034Z] GET https://r.bing.com/rp/LLsqdhmv3RjYgfuepDBrVLeWshY.br.js → 200 (217ms, 105B)
[2026-07-01T23:47:32.034Z] GET https://r.bing.com/rp/0Tfs80oEbRYDgF7ylLj21W9MXHU.br.js → 200 (226ms, 361B)
[2026-07-01T23:47:32.035Z] GET https://r.bing.com/rp/hGh1QYxKkgoInRpYEnS7wIT1nyc.br.js → 200 (219ms, 462B)
[2026-07-01T23:47:32.035Z] GET https://r.bing.com/rp/6wBFuewIOH06q9w4Bw8z-SKiip4.br.js → 200 (229ms, 491B)
[2026-07-01T23:47:32.040Z] GET https://r.bing.com/rs/6s/gm/jnc,nj/tlifxqsNyCzxIJnRwtQKuZToQQw.js?or=w → 200 (125ms, -1407B)
[2026-07-01T23:47:32.040Z] GET https://r.bing.com/rp/fYa4G4wbz4PjD3tZaW3pycMuo2c.br.js → 200 (227ms, 552B)
[2026-07-01T23:47:32.040Z] GET https://r.bing.com/rb/4R/jnc,nj/cKzGnam6-Fytml03VT3ixBZ9tTs.js?bu=A4E0hDSHNA&or=w → 200 (228ms, 1183B)
[2026-07-01T23:47:32.042Z] GET https://r.bing.com/rp/qwce00QJxdHzNxXh5H1mBc8QgBU.br.js → 200 (229ms, 257B)
[2026-07-01T23:47:32.042Z] GET https://r.bing.com/rp/rJAhQDJ7mcmc690pfjItaDhmv18.br.js → 200 (234ms, 1255B)
[2026-07-01T23:47:32.042Z] GET https://r.bing.com/rp/Y-IofXCiouangPfEhpp6Z_AOYcM.br.js → 200 (238ms, 288B)
[2026-07-01T23:47:32.042Z] GET https://r.bing.com/rp/B41j9eGM1DLNjQd-XrgY_sctGDk.br.js → 200 (240ms, 250B)
[2026-07-01T23:47:32.042Z] GET https://r.bing.com/rp/KV4_sSSBz1cEDJbhKamlGr9ClBw.br.js → 200 (243ms, 397B)
[2026-07-01T23:47:32.042Z] GET https://r.bing.com/rp/TsKGnfqxqwIZ0qgW31yPMZd85P8.br.js → 200 (241ms, 204B)
[2026-07-01T23:47:32.046Z] GET https://r.bing.com/rs/6s/ro/jnc,nj/PqrqelWWRvUSnVWCeG5Pdh9wBEU.js?or=w → 200 (248ms, 1011B)
[2026-07-01T23:47:32.046Z] GET https://r.bing.com/rp/F_NjvIijiBhzfbsy0TKV9gOkTWE.br.js → 200 (252ms, 352B)
[2026-07-01T23:47:32.046Z] GET https://r.bing.com/rp/mf3B6bT-FFOeYD0GC4z6ZBsLW6M.br.js → 200 (250ms, 106B)
[2026-07-01T23:47:32.047Z] GET https://r.bing.com/rp/NN38hWBGghpmyTXZRzxNyuDQOh0.br.js → 200 (251ms, 777B)
[2026-07-01T23:47:32.047Z] GET https://r.bing.com/rp/vMDvWdmF46n6kUNBfdmqXrDYoGI.br.js → 200 (253ms, 2594B)
[2026-07-01T23:47:32.047Z] GET https://r.bing.com/rp/K2n5cK_TUigbMh3ulWRwsTAVcJI.br.js → 200 (258ms, 597B)
[2026-07-01T23:47:32.047Z] GET https://r.bing.com/rp/sb8zw1e0EplVxmFf8G12Kosj03E.br.js → 200 (256ms, 181B)
[2026-07-01T23:47:32.050Z] GET https://r.bing.com/rp/6Mux04pho-6mbc6AOKSXzKvF50Y.br.js → 200 (257ms, 1597B)
[2026-07-01T23:47:32.050Z] GET https://r.bing.com/rs/6s/lL/nj/EmG-XMIMCcq8zmcVBBO7jkFERAE.js?or=w → 200 (265ms, -1409B)
[2026-07-01T23:47:32.050Z] GET https://r.bing.com/rp/x1eptL9rX54oAMdUWuiXlU8ClbM.br.js → 200 (274ms, 202B)
[2026-07-01T23:47:32.051Z] GET https://r.bing.com/rp/QhINJ5aAulL1ot_r_8dLH_aIfCk.br.js → 200 (272ms, 277B)
[2026-07-01T23:47:32.051Z] GET https://r.bing.com/rp/cVhztCgE3ZjlZ4NrICPGsTh1WbQ.br.js → 200 (275ms, 832B)
[2026-07-01T23:47:32.051Z] GET https://r.bing.com/rp/eE_nGKc9g6OVIDRu8fYvjIG9Hm0.br.js → 200 (273ms, 790B)
[2026-07-01T23:47:32.051Z] GET https://r.bing.com/rp/-vw7138u6_r_Ghx3EGqbgT8a4to.br.js → 200 (280ms, 1424B)
[2026-07-01T23:47:32.051Z] GET https://r.bing.com/rp/XpyaFPNakGOwlPXoOWhSNZDWjDU.br.js → 200 (278ms, 216B)
[2026-07-01T23:47:32.056Z] GET https://r.bing.com/rs/6s/ue/jnc,nj/a-7oPGogv38O2aNsE2G1jvTy2t8.js?or=w → 200 (285ms, 1706B)
[2026-07-01T23:47:32.056Z] GET https://r.bing.com/rp/5I0Cuul36Grrwnqn9LpjC23cpQ8.br.js → 200 (298ms, 908B)
[2026-07-01T23:47:32.056Z] GET https://r.bing.com/rp/oU3D75fwOKYAqRTtv6cscmsEla8.br.js → 200 (298ms, 565B)
[2026-07-01T23:47:32.056Z] GET https://r.bing.com/rp/zjz65wEi2EUfRvlC6mVhOIE4PSM.br.js → 200 (299ms, 2140B)
[2026-07-01T23:47:32.057Z] GET https://r.bing.com/rp/88F_WFp57AEhbuX2xUzJp0yKLEM.br.js → 200 (298ms, 3479B)
[2026-07-01T23:47:32.057Z] GET https://r.bing.com/rp/KUj639dFcatHE77xtiTb-KSEsSA.br.js → 200 (298ms, 6198B)
[2026-07-01T23:47:32.057Z] GET https://r.bing.com/rp/b1xhc3Vl3_FhS-lf4VS_IJJoJF8.br.js → 200 (299ms, 5219B)
[2026-07-01T23:47:32.057Z] GET https://r.bing.com/rp/lretEsPBznPrs_56NGHU4WYnmc4.br.js → 200 (299ms, 615B)
[2026-07-01T23:47:32.058Z] GET https://r.bing.com/rp/ngUTcJtv7sjHF74PweBPO8yGyxQ.br.js → 200 (299ms, 2785B)
[2026-07-01T23:47:32.059Z] GET https://r.bing.com/rp/6ZpK9fh9cD0LYcXzkYpUR9MV_-g.br.js → 200 (298ms, 206B)
[2026-07-01T23:47:32.059Z] GET https://r.bing.com/rp/KLrSbzDKMog0mCiPcB9iwoEvlE4.br.js → 200 (297ms, 2648B)
[2026-07-01T23:47:32.059Z] GET https://r.bing.com/rp/ClBkzRTD0QLpIATX2q7eWktfr_k.br.js → 200 (298ms, 1082B)
[2026-07-01T23:47:32.060Z] GET https://r.bing.com/rp/uceaWoHkRefVM5EK1cFT2TcyRm0.br.js → 200 (298ms, 476B)
[2026-07-01T23:47:32.060Z] GET https://r.bing.com/rp/AaMNMcbonPOvZZOl4Lx8-gy2CLQ.br.js → 200 (297ms, 331B)
[2026-07-01T23:47:32.060Z] GET https://r.bing.com/rp/dILjFnlu3tFtlz3D1HusK2wu9g8.br.js → 200 (298ms, 495B)
[2026-07-01T23:47:32.060Z] GET https://r.bing.com/rp/CnuSs8RGmjTsMT91VsxGzD6pvXs.br.js → 200 (309ms, 545B)
[2026-07-01T23:47:32.063Z] GET https://r.bing.com/rp/fRSNKQanUHk53F1a1Bi8UA71Qt4.br.js → 200 (295ms, 228B)
[2026-07-01T23:47:32.065Z] GET https://r.bing.com/rp/DR3HSCOIEFQKTsP_w1z3exhqKIw.br.js → 200 (293ms, 471B)
[2026-07-01T23:47:32.065Z] GET https://r.bing.com/rp/cfKt7bw67nxWZkkgOIRReDE3rQI.br.js → 200 (165ms, 292B)
[2026-07-01T23:47:32.065Z] GET https://r.bing.com/rp/xcXoIIPNYmJF-EYrsQBDlqHo36g.br.js → 200 (293ms, 525B)
[2026-07-01T23:47:32.065Z] GET https://r.bing.com/rp/uP1dLTYbxyhIP5Ae5ENgyyzxyOc.br.js → 200 (304ms, 2219B)
[2026-07-01T23:47:32.065Z] GET https://r.bing.com/rp/ERxD1rq0Xd7Fewx2Ys6cWhWRMmk.br.js → 200 (305ms, 288B)
[2026-07-01T23:47:32.065Z] GET https://r.bing.com/rp/sJ3s4CcWssN1-yBhgYXI5ztX9tU.br.js → 200 (305ms, 596B)
[2026-07-01T23:47:32.066Z] GET https://r.bing.com/rp/Ytxs5tpnCZO__xIrhWwJA-yGHZM.br.js → 200 (304ms, 1281B)
[2026-07-01T23:47:32.066Z] GET https://r.bing.com/rs/6s/lx/nj/x-x_v9X2pwR9AlcQef28REZvCsY.js?or=w → 200 (304ms, 666B)
[2026-07-01T23:47:32.068Z] GET https://r.bing.com/rp/lLk8XmbdNzzlnPRzVzDhaF9yjqw.br.js → 200 (302ms, 485B)
[2026-07-01T23:47:32.068Z] GET https://r.bing.com/rp/Ass0FROa2e9YKJimHNSYJXacvKI.br.js → 200 (302ms, 270B)
[2026-07-01T23:47:32.068Z] GET https://r.bing.com/rp/uYfKaCEKoUJO8QF1Vlmton1QU_Y.br.js → 200 (302ms, 2477B)
[2026-07-01T23:47:32.068Z] GET https://r.bing.com/rp/lkM7-j-6lj2mHueJugMSD2pY8kM.br.js → 200 (302ms, 295B)
[2026-07-01T23:47:32.069Z] GET https://r.bing.com/rp/Gyuq2bqitqDJM0BeAkbKXGlQXNw.br.js → 200 (301ms, 768B)
[2026-07-01T23:47:32.069Z] GET https://r.bing.com/rp/n21aGRCN5EKHB3qObygw029dyNU.br.js → 200 (301ms, 892B)
[2026-07-01T23:47:32.069Z] GET https://r.bing.com/rp/hSC2A2u1nPLBLKtx9YeXrNrijSw.br.js → 200 (301ms, 447B)
[2026-07-01T23:47:32.069Z] GET https://r.bing.com/rp/psgXZvzYJMEW2ydikIk493Va1d4.br.js → 200 (301ms, 689B)
[2026-07-01T23:47:32.072Z] GET https://r.bing.com/rs/6s/wg/nj/nt6a1ZR520utsLoZmSYgwxdOPgI.js?or=w → 200 (299ms, 670B)
[2026-07-01T23:47:32.072Z] GET https://r.bing.com/rp/5L3iD467J3iJWEPwIjxlK0MMDpY.br.js → 200 (298ms, 826B)
[2026-07-01T23:47:32.072Z] GET https://r.bing.com/rp/9Z2GyyGvsKSVNrmOMrTfcv8z_yQ.br.js → 200 (299ms, 7072B)
[2026-07-01T23:47:32.073Z] GET https://r.bing.com/rp/K_V1CARn2Q2lTs5njJKUvUkHyi4.br.js → 200 (298ms, 218B)
[2026-07-01T23:47:32.074Z] GET https://r.bing.com/rp/3eHIthF6R2e1ZRdN3zxkF_nk-6w.br.js → 200 (305ms, 819B)
[2026-07-01T23:47:32.074Z] GET https://r.bing.com/rp/EAI2MpbgpapWy3f5CJ0mQ55YzkI.br.js → 200 (297ms, 862B)
[2026-07-01T23:47:32.074Z] GET https://r.bing.com/rp/JTnIefOMiNK7DX11D7RY8i0_PKc.br.js → 200 (306ms, 205B)
[2026-07-01T23:47:32.074Z] GET https://r.bing.com/rp/_Bf8WbhrPNleVJdfG-L0A8nld9c.br.js → 200 (305ms, 359B)
[2026-07-01T23:47:32.079Z] GET https://r.bing.com/rp/75SIhjT7cikNAal0FuI8WHdzWa8.br.js → 200 (301ms, 525B)
[2026-07-01T23:47:32.079Z] GET https://r.bing.com/rp/mOy7YpeLJ3c40BBAFNUI6SmOUTY.br.js → 200 (302ms, 621B)
[2026-07-01T23:47:32.083Z] GET https://r.bing.com/rp/svZ_IOsxbcKBhfYdHbrcvJl8_HY.br.js → 200 (297ms, 408B)
[2026-07-01T23:47:32.083Z] GET https://r.bing.com/rp/6mZmj1db42G_jniFgdT7MCvBgyA.br.js → 200 (298ms, 453B)
[2026-07-01T23:47:32.083Z] GET https://r.bing.com/rs/6s/kO/jnc,nj/P2A3uGO2O64dixlm8-ndJ5_iyo4.js?or=w → 200 (299ms, 1197B)
[2026-07-01T23:47:32.083Z] GET https://r.bing.com/rp/nHOlLJnFoS8pPI705ikfiw8Z_OI.br.js → 200 (299ms, 706B)
[2026-07-01T23:47:32.083Z] GET https://r.bing.com/rp/npss_9tdJq98UAZWJkmncHMBuno.br.js → 200 (303ms, 449B)
[2026-07-01T23:47:32.083Z] GET https://r.bing.com/rp/TA5w4JZB_Bofmi4E2NA9kDEyusQ.br.js → 200 (301ms, 278B)
[2026-07-01T23:47:32.083Z] GET https://r.bing.com/rp/zlfm-hC70pZAs62UVTTl3KShKOE.br.js → 200 (303ms, 491B)
[2026-07-01T23:47:32.084Z] GET https://r.bing.com/rp/hAEVe25_jil71qxV8HNHEcjwOsk.br.js → 200 (302ms, 244B)
[2026-07-01T23:47:32.086Z] GET https://r.bing.com/rp/TQGiVJr4EQItARiXzy1vNtei-NQ.br.js → 200 (301ms, 647B)
[2026-07-01T23:47:32.086Z] GET https://r.bing.com/rs/6s/lL/nj/EmG-XMIMCcq8zmcVBBO7jkFERAE.js?or=w → 200 (222ms, 715B)
[2026-07-01T23:47:32.086Z] GET https://r.bing.com/rp/uicSxtNwRiZ5PDW1nz4YbxCDn9o.br.js → 200 (301ms, 3576B)
[2026-07-01T23:47:32.086Z] GET https://r.bing.com/rp/zU-wzeTci_PmsyatZvTRjj8U0as.br.js → 200 (302ms, 460B)
[2026-07-01T23:47:32.086Z] GET https://r.bing.com/rp/9lDc-5GioHXIlloqoktr-XRpjXM.br.js → 200 (301ms, 3088B)
[2026-07-01T23:47:32.087Z] GET https://r.bing.com/rp/uy9dfMpN2aU6QWNDAHCmiFbmlJ4.br.js → 200 (301ms, 6047B)
[2026-07-01T23:47:32.087Z] GET https://r.bing.com/rp/pH9V7s80ZMl34uIM9Cxw_npsBus.br.js → 200 (310ms, 1268B)
[2026-07-01T23:47:32.087Z] GET https://r.bing.com/rp/O-ejpxJOK4ur1-qUtpPRk7Z6wj0.br.js → 200 (311ms, 445B)
[2026-07-01T23:47:32.089Z] GET https://r.bing.com/rp/4a2l6ts7ENpX5gGW0kp5U2iD6h8.br.js → 200 (309ms, 702B)
[2026-07-01T23:47:32.089Z] GET https://r.bing.com/rp/eKvcHdnNwo1WcxoSioV4ztnfZk8.br.js → 200 (311ms, 1199B)
[2026-07-01T23:47:32.089Z] GET https://r.bing.com/rp/Af6_gkc-M8sTvvCoMgvEz8cPNMA.br.js → 200 (309ms, 4354B)
[2026-07-01T23:47:32.089Z] GET https://r.bing.com/rp/MicXn58E9O2d9myy2AkyWVxfKMM.br.js → 200 (310ms, 3842B)
[2026-07-01T23:47:32.089Z] GET https://r.bing.com/rp/qDRZGA3KYutW7e4hNAn4PhL6YXI.br.js → 200 (310ms, 39788B)
[2026-07-01T23:47:32.089Z] GET https://r.bing.com/rp/plg8Vjg73xWgvghRRhfTuxFRKVk.br.js → 200 (310ms, 530B)
[2026-07-01T23:47:32.089Z] GET https://r.bing.com/rp/-2EVJNDwymhr08bVch00GwpjiDA.br.js → 200 (311ms, 1097B)
[2026-07-01T23:47:32.165Z] GET https://r.bing.com/rs/6s/gm/jnc,nj/tlifxqsNyCzxIJnRwtQKuZToQQw.js?or=w → 200 (52ms, 36B)
[2026-07-01T23:47:32.288Z] GET https://r.bing.com/rp/pgHdqZ_B7jLHwcfyhL5E5dCLXpc.br.js → 200 (100ms, -931B)
[2026-07-01T23:47:32.410Z] GET https://r.bing.com/rp/Tzi0lFhZU13XYuDY050dWBV6DfQ.br.js → 200 (?ms, -994B)
[2026-07-01T23:47:32.411Z] GET https://r.bing.com/rp/R-OIXOLn-Vr0XopaKa9K48CgYs8.br.js → 200 (?ms, -961B)
[2026-07-01T23:47:32.411Z] GET https://r.bing.com/rp/-V5wTZcrW0CU8Mo8ihfH5VDKems.br.js → 200 (?ms, -1025B)
[2026-07-01T23:47:32.412Z] GET https://r.bing.com/rp/xcSIsTDS1yhrulkVnoR1WFVhdrI.br.js → 200 (6ms, -929B)
[2026-07-01T23:47:32.418Z] GET https://r.bing.com/rp/cfKt7bw67nxWZkkgOIRReDE3rQI.br.js → 200 (?ms, -959B)
[2026-07-01T23:47:32.418Z] GET https://r.bing.com/rp/yt5G3936XbeOUUYvhktH-Zp37Ac.br.js → 200 (?ms, -927B)
[2026-07-01T23:47:32.419Z] GET https://r.bing.com/rp/ikHX-hlyfHuZmHc50q1pcAAQP5E.br.js → 200 (10ms, -959B)
[2026-07-01T23:47:32.430Z] GET https://r.bing.com/rp/En6blPJcqovigCz6Ix1FLnXHt24.br.js → 200 (?ms, -993B)
[2026-07-01T23:47:32.430Z] GET https://r.bing.com/rp/PwjTjLAwycFuq4i8wD3bcxhdgN8.br.js → 200 (2ms, -1026B)
[2026-07-01T23:47:32.433Z] GET https://r.bing.com/rp/6r0416GnMn0B1a7ZAYesBCElPxc.br.js → 200 (8ms, -962B)
[2026-07-01T23:47:32.441Z] GET https://r.bing.com/rp/Qj1qM0JDuM3J3-o_UUl5XOSD1y8.br.js → 200 (?ms, -963B)
[2026-07-01T23:47:32.461Z] GET https://r.bing.com/rp/LLsqdhmv3RjYgfuepDBrVLeWshY.br.js → 200 (?ms, -927B)
[2026-07-01T23:47:32.463Z] GET https://r.bing.com/rp/0Tfs80oEbRYDgF7ylLj21W9MXHU.br.js → 200 (3ms, -930B)
[2026-07-01T23:47:32.467Z] GET https://r.bing.com/rp/hGh1QYxKkgoInRpYEnS7wIT1nyc.br.js → 200 (5ms, -930B)
[2026-07-01T23:47:32.474Z] GET https://r.bing.com/rp/6wBFuewIOH06q9w4Bw8z-SKiip4.br.js → 200 (1ms, -956B)
[2026-07-01T23:47:32.479Z] GET https://www.bing.com/rewardsapp/widgetassets/prod/medallion/1.9.11/js/widget.js?t=260701 → pending (?ms, ?B)
[2026-07-01T23:47:32.479Z] GET https://r.bing.com/rp/fYa4G4wbz4PjD3tZaW3pycMuo2c.br.js → 200 (5ms, -927B)
[2026-07-01T23:47:32.487Z] GET https://r.bing.com/rb/4R/jnc,nj/cKzGnam6-Fytml03VT3ixBZ9tTs.js?bu=A4E0hDSHNA&or=w → 200 (3ms, ?B)
[2026-07-01T23:47:32.495Z] GET https://r.bing.com/rp/qwce00QJxdHzNxXh5H1mBc8QgBU.br.js → 200 (2ms, -953B)
[2026-07-01T23:47:32.499Z] GET https://r.bing.com/rp/rJAhQDJ7mcmc690pfjItaDhmv18.br.js → 200 (4ms, -963B)
[2026-07-01T23:47:32.506Z] GET https://r.bing.com/rp/Y-IofXCiouangPfEhpp6Z_AOYcM.br.js → 200 (3ms, -929B)
[2026-07-01T23:47:32.510Z] GET https://r.bing.com/rp/B41j9eGM1DLNjQd-XrgY_sctGDk.br.js → 200 (3ms, -928B)
[2026-07-01T23:47:32.514Z] GET https://r.bing.com/rp/KV4_sSSBz1cEDJbhKamlGr9ClBw.br.js → 200 (3ms, -993B)
[2026-07-01T23:47:32.523Z] GET https://r.bing.com/rp/TsKGnfqxqwIZ0qgW31yPMZd85P8.br.js → 200 (4ms, -960B)
[2026-07-01T23:47:32.528Z] GET https://r.bing.com/rs/6s/ro/jnc,nj/PqrqelWWRvUSnVWCeG5Pdh9wBEU.js?or=w → 200 (4ms, -1570B)
[2026-07-01T23:47:32.534Z] GET https://r.bing.com/rp/F_NjvIijiBhzfbsy0TKV9gOkTWE.br.js → 200 (3ms, -929B)
[2026-07-01T23:47:32.538Z] GET https://r.bing.com/rp/mf3B6bT-FFOeYD0GC4z6ZBsLW6M.br.js → 200 (3ms, -992B)
[2026-07-01T23:47:32.543Z] GET https://r.bing.com/rp/NN38hWBGghpmyTXZRzxNyuDQOh0.br.js → 200 (3ms, -993B)
[2026-07-01T23:47:32.548Z] GET https://r.bing.com/rp/vMDvWdmF46n6kUNBfdmqXrDYoGI.br.js → 200 (3ms, -931B)
[2026-07-01T23:47:32.552Z] GET https://r.bing.com/rp/K2n5cK_TUigbMh3ulWRwsTAVcJI.br.js → 200 (4ms, -930B)
[2026-07-01T23:47:32.558Z] GET https://r.bing.com/rp/sb8zw1e0EplVxmFf8G12Kosj03E.br.js → 200 (3ms, -960B)
[2026-07-01T23:47:32.572Z] GET https://r.bing.com/rp/6Mux04pho-6mbc6AOKSXzKvF50Y.br.js → 200 (3ms, -963B)
[2026-07-01T23:47:32.580Z] GET https://r.bing.com/rs/6s/lL/nj/EmG-XMIMCcq8zmcVBBO7jkFERAE.js?or=w → 200 (5ms, -1409B)
[2026-07-01T23:47:32.587Z] GET https://r.bing.com/rp/x1eptL9rX54oAMdUWuiXlU8ClbM.br.js → 200 (6ms, -962B)
[2026-07-01T23:47:32.595Z] GET https://r.bing.com/rp/QhINJ5aAulL1ot_r_8dLH_aIfCk.br.js → 200 (3ms, -960B)
[2026-07-01T23:47:32.600Z] GET https://r.bing.com/rp/cVhztCgE3ZjlZ4NrICPGsTh1WbQ.br.js → 200 (13ms, -928B)
[2026-07-01T23:47:32.616Z] GET https://r.bing.com/rp/eE_nGKc9g6OVIDRu8fYvjIG9Hm0.br.js → 200 (3ms, -962B)
[2026-07-01T23:47:32.622Z] GET https://r.bing.com/rp/-vw7138u6_r_Ghx3EGqbgT8a4to.br.js → 200 (4ms, -988B)
[2026-07-01T23:47:32.628Z] GET https://r.bing.com/rp/XpyaFPNakGOwlPXoOWhSNZDWjDU.br.js → 200 (8ms, -959B)
[2026-07-01T23:47:32.639Z] GET https://r.bing.com/rs/6s/ue/jnc,nj/a-7oPGogv38O2aNsE2G1jvTy2t8.js?or=w → 200 (7ms, -1895B)
[2026-07-01T23:47:32.845Z] POST https://rewards.bing.com/widget/telemetry → 200 (214ms, ?B)
[2026-07-01T23:47:32.856Z] GET https://th.bing.com/th/id/ODLS.A2450BEC-5595-40BA-9F13-D9EC6AB74B9F?w=32&h=32&qlt=90&pcl=fffffa&o=6&pid=1.2 → 200 (201ms, 1199B)
[2026-07-01T23:47:32.856Z] GET https://th.bing.com/th/id/ODLS.A2450BEC-5595-40BA-9F13-D9EC6AB74B9F?w=32&h=32&qlt=91&pcl=fffffa&o=6&pid=1.2 → 200 (60ms, 1199B)
[2026-07-01T23:47:32.858Z] GET https://th.bing.com/th/id/ODLS.A2450BEC-5595-40BA-9F13-D9EC6AB74B9F?w=32&h=32&qlt=92&pcl=fffffa&o=6&pid=1.2 → 200 (52ms, 1200B)
[2026-07-01T23:47:32.858Z] GET https://th.bing.com/th/id/ODLS.A2450BEC-5595-40BA-9F13-D9EC6AB74B9F?w=32&h=32&qlt=93&pcl=fffffa&o=6&pid=1.2 → 200 (68ms, 1200B)
[2026-07-01T23:47:32.858Z] GET https://th.bing.com/th/id/ODLS.A2450BEC-5595-40BA-9F13-D9EC6AB74B9F?w=32&h=32&qlt=94&pcl=fffffa&o=6&pid=1.2 → 200 (60ms, 1200B)
[2026-07-01T23:47:32.858Z] GET https://th.bing.com/th/id/ODLS.A2450BEC-5595-40BA-9F13-D9EC6AB74B9F?w=32&h=32&qlt=95&pcl=fffffa&o=6&pid=1.2 → 200 (65ms, 1199B)
[2026-07-01T23:47:32.858Z] GET https://th.bing.com/th/id/ODLS.A2450BEC-5595-40BA-9F13-D9EC6AB74B9F?w=32&h=32&qlt=96&pcl=fffffa&o=6&pid=1.2 → 200 (74ms, 646B)
[2026-07-01T23:47:32.858Z] GET https://th.bing.com/th/id/ODLS.A2450BEC-5595-40BA-9F13-D9EC6AB74B9F?w=32&h=32&qlt=97&pcl=fffffa&o=6&pid=1.2 → 200 (75ms, 646B)
[2026-07-01T23:47:32.858Z] GET https://th.bing.com/th/id/ODLS.A2450BEC-5595-40BA-9F13-D9EC6AB74B9F?w=32&h=32&qlt=98&pcl=fffffa&o=6&pid=1.2 → 200 (101ms, 646B)
[2026-07-01T23:47:32.858Z] GET https://th.bing.com/th/id/ODLS.A2450BEC-5595-40BA-9F13-D9EC6AB74B9F?w=32&h=32&qlt=99&pcl=fffffa&o=6&pid=1.2 → 200 (72ms, 646B)
[2026-07-01T23:47:32.858Z] GET https://r.bing.com/rp/5I0Cuul36Grrwnqn9LpjC23cpQ8.br.js → 200 (8ms, -929B)
[2026-07-01T23:47:32.868Z] GET https://r.bing.com/rp/oU3D75fwOKYAqRTtv6cscmsEla8.br.js → 200 (13ms, -930B)
[2026-07-01T23:47:32.882Z] GET https://r.bing.com/rp/zjz65wEi2EUfRvlC6mVhOIE4PSM.br.js → 200 (1ms, -994B)
[2026-07-01T23:47:32.909Z] POST https://www.bing.com/bd/issuertoken/verify?IID=PoW&SFX=1&IG=EE7987E22919465A9CFC5300555C56EA → 200 (64ms, 80B)
[2026-07-01T23:47:32.909Z] GET https://r.bing.com/rp/88F_WFp57AEhbuX2xUzJp0yKLEM.br.js → 200 (27ms, -928B)
[2026-07-01T23:47:32.946Z] GET https://r.bing.com/rp/KUj639dFcatHE77xtiTb-KSEsSA.br.js → 200 (7ms, -994B)
[2026-07-01T23:47:32.956Z] GET https://r.bing.com/rp/b1xhc3Vl3_FhS-lf4VS_IJJoJF8.br.js → 200 (7ms, -963B)
[2026-07-01T23:47:32.965Z] GET https://r.bing.com/rp/lretEsPBznPrs_56NGHU4WYnmc4.br.js → 200 (12ms, -930B)
[2026-07-01T23:47:33.056Z] GET https://r.bing.com/rp/ngUTcJtv7sjHF74PweBPO8yGyxQ.br.js → 200 (6ms, -962B)
[2026-07-01T23:47:33.065Z] GET https://r.bing.com/rp/6ZpK9fh9cD0LYcXzkYpUR9MV_-g.br.js → 200 (3ms, -927B)
[2026-07-01T23:47:33.069Z] GET https://r.bing.com/rp/KLrSbzDKMog0mCiPcB9iwoEvlE4.br.js → 200 (4ms, -986B)
[2026-07-01T23:47:33.075Z] GET https://r.bing.com/rp/ClBkzRTD0QLpIATX2q7eWktfr_k.br.js → 200 (4ms, -995B)
[2026-07-01T23:47:33.080Z] GET https://r.bing.com/rp/uceaWoHkRefVM5EK1cFT2TcyRm0.br.js → 200 (8ms, -928B)
[2026-07-01T23:47:33.091Z] GET https://r.bing.com/rp/AaMNMcbonPOvZZOl4Lx8-gy2CLQ.br.js → 200 (2ms, -928B)
[2026-07-01T23:47:33.095Z] GET https://r.bing.com/rp/dILjFnlu3tFtlz3D1HusK2wu9g8.br.js → 200 (3ms, -991B)
[2026-07-01T23:47:33.100Z] GET https://r.bing.com/rp/CnuSs8RGmjTsMT91VsxGzD6pvXs.br.js → 200 (5ms, -930B)
[2026-07-01T23:47:33.107Z] GET https://r.bing.com/rp/fRSNKQanUHk53F1a1Bi8UA71Qt4.br.js → 200 (2ms, -928B)
[2026-07-01T23:47:33.115Z] GET https://r.bing.com/rp/DR3HSCOIEFQKTsP_w1z3exhqKIw.br.js → 200 (2ms, -930B)
[2026-07-01T23:47:33.118Z] GET https://r.bing.com/rp/xcXoIIPNYmJF-EYrsQBDlqHo36g.br.js → 200 (3ms, -927B)
[2026-07-01T23:47:33.123Z] GET https://r.bing.com/rp/uP1dLTYbxyhIP5Ae5ENgyyzxyOc.br.js → 200 (3ms, -995B)
[2026-07-01T23:47:33.127Z] GET https://r.bing.com/rp/ERxD1rq0Xd7Fewx2Ys6cWhWRMmk.br.js → 200 (3ms, -959B)
[2026-07-01T23:47:33.131Z] GET https://r.bing.com/rp/sJ3s4CcWssN1-yBhgYXI5ztX9tU.br.js → 200 (5ms, -930B)
[2026-07-01T23:47:33.138Z] GET https://r.bing.com/rp/Ytxs5tpnCZO__xIrhWwJA-yGHZM.br.js → 200 (5ms, -930B)
[2026-07-01T23:47:33.145Z] GET https://r.bing.com/rs/6s/lx/nj/x-x_v9X2pwR9AlcQef28REZvCsY.js?or=w → 200 (3ms, -1409B)
[2026-07-01T23:47:33.149Z] GET https://r.bing.com/rp/lLk8XmbdNzzlnPRzVzDhaF9yjqw.br.js → 200 (4ms, -959B)
[2026-07-01T23:47:33.156Z] GET https://www.bing.com/images/sbi?mmasync=1&ig=EE7987E22919465A9CFC5300555C56EA&iid=.5094&ptn=Web&ep=0&iconpl=1&ajaxreq=1 → 200 (82ms, 20882B)
[2026-07-01T23:47:33.156Z] GET https://r.bing.com/rp/Ass0FROa2e9YKJimHNSYJXacvKI.br.js → 200 (4ms, -961B)
[2026-07-01T23:47:33.162Z] GET https://r.bing.com/rp/uYfKaCEKoUJO8QF1Vlmton1QU_Y.br.js → 200 (3ms, -962B)
[2026-07-01T23:47:33.169Z] GET https://www.bing.com/instantsearch/getquerylist?query=technical%20due%20diligence%20m → 200 (74ms, 34B)
[2026-07-01T23:47:33.169Z] GET https://r.bing.com/rp/lkM7-j-6lj2mHueJugMSD2pY8kM.br.js → 200 (4ms, -961B)
[2026-07-01T23:47:33.175Z] GET https://r.bing.com/rp/Gyuq2bqitqDJM0BeAkbKXGlQXNw.br.js → 200 (2ms, -928B)
[2026-07-01T23:47:33.178Z] GET https://r.bing.com/rp/n21aGRCN5EKHB3qObygw029dyNU.br.js → 200 (3ms, -953B)
[2026-07-01T23:47:33.182Z] GET https://r.bing.com/rp/hSC2A2u1nPLBLKtx9YeXrNrijSw.br.js → 200 (2ms, -962B)
[2026-07-01T23:47:33.186Z] GET https://r.bing.com/rp/psgXZvzYJMEW2ydikIk493Va1d4.br.js → 200 (2ms, -927B)
[2026-07-01T23:47:33.193Z] POST https://www.bing.com/rewardsapp/ncheader?ver=70241716&IID=SERP.5051&IG=EE7987E22919465A9CFC5300555C56EA&ajaxreq=1 → 200 (101ms, 836B)
[2026-07-01T23:47:33.193Z] GET https://r.bing.com/rs/6s/wg/nj/nt6a1ZR520utsLoZmSYgwxdOPgI.js?or=w → 200 (47ms, -1548B)
[2026-07-01T23:47:33.238Z] GET https://r.bing.com/rp/lwgCOY8rCo0Ub0btSshwRlT9HWI.br.js → 200 (9ms, 315B)
[2026-07-01T23:47:33.238Z] GET https://r.bing.com/rp/ulJ3ckR0YcGpvIX6xhO4prJhEQQ.br.js → 200 (10ms, 284B)
[2026-07-01T23:47:33.239Z] GET https://r.bing.com/rp/fdVZU4ttbw8NDRm6H3I5BW3_vCo.svg → 200 (13ms, 703B)
[2026-07-01T23:47:33.240Z] GET https://r.bing.com/rp/4L4QdyjTv0HYE2Ig2ol9eYoqxg8.svg → 200 (14ms, 1132B)
[2026-07-01T23:47:33.240Z] GET https://r.bing.com/rp/UusW4P7f5q9mXctgEuZhyIziufA.svg → 200 (21ms, 578B)
[2026-07-01T23:47:33.240Z] GET https://r.bing.com/rp/4A9D07RlW6M7gPmPQQydX3khDJc.svg → 200 (23ms, 775B)
[2026-07-01T23:47:33.245Z] GET https://r.bing.com/rp/5L3iD467J3iJWEPwIjxlK0MMDpY.br.js → 200 (8ms, -928B)
[2026-07-01T23:47:33.255Z] GET https://r.bing.com/rp/9Z2GyyGvsKSVNrmOMrTfcv8z_yQ.br.js → 200 (14ms, -960B)
[2026-07-01T23:47:33.271Z] GET https://r.bing.com/rp/K_V1CARn2Q2lTs5njJKUvUkHyi4.br.js → 200 (3ms, -984B)
[2026-07-01T23:47:33.278Z] POST https://www.bing.com/rewardsapp/reportActivity?IG=EE7987E22919465A9CFC5300555C56EA&IID=SERP.5061&q=technical+due+diligence+M%26A+software+engineer+career+skills+corporate+development&ajaxreq=1 → 200 (133ms, 1159B)
[2026-07-01T23:47:33.278Z] GET https://r.bing.com/rp/3eHIthF6R2e1ZRdN3zxkF_nk-6w.br.js → 200 (4ms, -962B)
[2026-07-01T23:47:33.285Z] GET https://r.bing.com/rp/EAI2MpbgpapWy3f5CJ0mQ55YzkI.br.js → 200 (4ms, -958B)
[2026-07-01T23:47:33.290Z] GET https://r.bing.com/rp/JTnIefOMiNK7DX11D7RY8i0_PKc.br.js → 200 (4ms, -960B)
[2026-07-01T23:47:33.296Z] GET https://r.bing.com/rp/_Bf8WbhrPNleVJdfG-L0A8nld9c.br.js → 200 (2ms, -983B)
[2026-07-01T23:47:33.299Z] GET https://r.bing.com/rp/75SIhjT7cikNAal0FuI8WHdzWa8.br.js → 200 (3ms, -962B)
[2026-07-01T23:47:33.303Z] GET https://r.bing.com/rp/mOy7YpeLJ3c40BBAFNUI6SmOUTY.br.js → 200 (10ms, -953B)
[2026-07-01T23:47:33.311Z] GET https://r.bing.com/rs/4t/3T/cir3,cc,nc/inKqjZb7BBrOYwHLzCiWzAwJAZs.css?or=w → 200 (24ms, 372B)
[2026-07-01T23:47:33.311Z] GET https://r.bing.com/rs/4t/44/cc,nc/SfJ6raSq1fhuhhfFXPVdwEdJvkY.css?or=w → 200 (20ms, 311B)
[2026-07-01T23:47:33.311Z] GET https://r.bing.com/rs/4t/3e/cc,nc/RxnQtSv3YDXTp2Pi1BT-ojVQhss.css?or=w → 200 (27ms, 377B)
[2026-07-01T23:47:33.311Z] GET https://r.bing.com/rs/4t/3W/cir3,cc,nc/eyf7iYpkU1E7D0Itcc4XVcbdbLc.css?or=w → 200 (28ms, 317B)
[2026-07-01T23:47:33.311Z] GET https://r.bing.com/rp/MFCea3lBZtF5AAN0Slj6qpivo78.br.js → 200 (34ms, 4129B)
[2026-07-01T23:47:33.314Z] GET https://r.bing.com/rp/svZ_IOsxbcKBhfYdHbrcvJl8_HY.br.js → 200 (4ms, -930B)
[2026-07-01T23:47:33.319Z] GET https://r.bing.com/rp/6mZmj1db42G_jniFgdT7MCvBgyA.br.js → 200 (13ms, -983B)
[2026-07-01T23:47:33.334Z] GET https://r.bing.com/rs/6s/kO/jnc,nj/P2A3uGO2O64dixlm8-ndJ5_iyo4.js?or=w → 200 (10ms, -1571B)
[2026-07-01T23:47:33.346Z] GET https://r.bing.com/rp/nHOlLJnFoS8pPI705ikfiw8Z_OI.br.js → 200 (3ms, -930B)
[2026-07-01T23:47:33.349Z] GET https://r.bing.com/rp/npss_9tdJq98UAZWJkmncHMBuno.br.js → 200 (3ms, -994B)
[2026-07-01T23:47:33.358Z] GET https://r.bing.com/rp/TA5w4JZB_Bofmi4E2NA9kDEyusQ.br.js → 200 (2ms, -984B)
[2026-07-01T23:47:33.362Z] GET https://r.bing.com/rp/zlfm-hC70pZAs62UVTTl3KShKOE.br.js → 200 (2ms, -960B)
[2026-07-01T23:47:33.365Z] GET https://r.bing.com/rp/hAEVe25_jil71qxV8HNHEcjwOsk.br.js → 200 (2ms, -928B)
[2026-07-01T23:47:33.369Z] GET https://r.bing.com/rp/TQGiVJr4EQItARiXzy1vNtei-NQ.br.js → 200 (4ms, -930B)
[2026-07-01T23:47:33.374Z] GET https://r.bing.com/rp/uicSxtNwRiZ5PDW1nz4YbxCDn9o.br.js → 200 (4ms, -931B)
[2026-07-01T23:47:33.382Z] GET https://r.bing.com/rp/zU-wzeTci_PmsyatZvTRjj8U0as.br.js → 200 (2ms, -928B)
[2026-07-01T23:47:33.386Z] GET https://r.bing.com/rp/9lDc-5GioHXIlloqoktr-XRpjXM.br.js → 200 (3ms, -931B)
[2026-07-01T23:47:33.390Z] GET https://r.bing.com/rp/uy9dfMpN2aU6QWNDAHCmiFbmlJ4.br.js → 200 (4ms, -931B)
[2026-07-01T23:47:33.401Z] GET https://r.bing.com/rp/pH9V7s80ZMl34uIM9Cxw_npsBus.br.js → 200 (6ms, -956B)
[2026-07-01T23:47:33.412Z] GET https://r.bing.com/rp/O-ejpxJOK4ur1-qUtpPRk7Z6wj0.br.js → 200 (14ms, -928B)
[2026-07-01T23:47:33.432Z] GET https://r.bing.com/rp/4a2l6ts7ENpX5gGW0kp5U2iD6h8.br.js → 200 (3ms, -928B)
[2026-07-01T23:47:33.437Z] GET https://r.bing.com/rp/eKvcHdnNwo1WcxoSioV4ztnfZk8.br.js → 200 (4ms, -985B)
[2026-07-01T23:47:33.443Z] GET https://r.bing.com/rp/0J47_h3CrL7lOTh2hkBM0lYDGbQ.br.css → 200 (2ms, -939B)
[2026-07-01T23:47:33.444Z] GET https://r.bing.com/rp/Af6_gkc-M8sTvvCoMgvEz8cPNMA.br.js → 200 (4ms, -963B)
[2026-07-01T23:47:33.455Z] GET https://r.bing.com/rp/MicXn58E9O2d9myy2AkyWVxfKMM.br.js → 200 (2ms, -960B)
[2026-07-01T23:47:33.459Z] GET https://r.bing.com/rp/qDRZGA3KYutW7e4hNAn4PhL6YXI.br.js → 200 (16ms, -932B)
[2026-07-01T23:47:33.489Z] GET https://r.bing.com/rp/plg8Vjg73xWgvghRRhfTuxFRKVk.br.js → pending (?ms, ?B)
[2026-07-01T23:47:33.495Z] GET https://r.bing.com/rp/-2EVJNDwymhr08bVch00GwpjiDA.br.js → 200 (1ms, -960B)
[2026-07-01T23:47:33.528Z] POST https://www.bing.com/web/xlsc.aspx?dl=1&f=8 → 204 (48ms, 13B)
[2026-07-01T23:47:33.534Z] GET https://www.bing.com/search?q=technical+due+diligence+M%26A+software+engineer+career+skills+corporate+development&rdr=1&rdrig=EE7987E22919465A9CFC5300555C56EA → 200 (63ms, 27232B)
[2026-07-01T23:47:33.545Z] GET https://r.bing.com/rp/dOvV34-q8HFUuOwFe5fQI11TH7c.br.js → 200 (57ms, 34791B)
[2026-07-01T23:47:33.545Z] GET https://r.bing.com/rp/F9ya6E3sghxzDhnC7u30wctxmxI.br.js → 200 (50ms, 5529B)
[2026-07-01T23:47:33.545Z] GET https://r.bing.com/rp/sP3_5NdWuKDEyanxUN44BAoM0E0.br.js → 200 (56ms, 19180B)
[2026-07-01T23:47:33.546Z] GET https://www.bing.com/fd/auth/signin/v2?action=interactive&isSilent=true → 302 (62ms, 1B)
[2026-07-01T23:47:33.561Z] GET https://www.bing.com/asyncBOPMRS?&IG=EE7987E22919465A9CFC5300555C56EA&q=technical+due+diligence+M%26A+software+engineer+career+skills+corporate+development&iid=SERP.5345&ajaxreq=1 → pending (?ms, ?B)
[2026-07-01T23:47:33.561Z] GET https://r.bing.com/rb/4I/cir3,cc,nc/aCnfQtUnolhY6o7dD5Srmuee_3A.css?bu=CKkCwQOJBOoCrQKkBKcEswI&or=w → 200 (11ms, -1878B)
[2026-07-01T23:47:33.561Z] GET https://r.bing.com/rb/4I/cir3,cc,nc/DxRoqaDGkDNppb8bljXAIMmXGdY.css?bu=BOwDnQSbBK0D&or=w → 200 (13ms, -1878B)
[2026-07-01T23:47:33.567Z] GET https://www.bing.com/fd/ls/l?IG=EE7987E22919465A9CFC5300555C56EA&CID=041CEDB4A335603C09D5FA3DA21D61E9&Type=Event.PPT&DATA={%22S%22:1360,%22E%22:2394,%22T%22:0,%22I%22:0,%22N%22:{},%22M%22:{}}&P=SERP&DA=SJCE01&dl=5 → 200 (36ms, 13B)
[2026-07-01T23:47:33.608Z] GET https://login.microsoftonline.com/consumers/oauth2/v2.0/authorize?client_id=077c9b95-2f57-4442-8872-134fcc08fcb3&redirect_uri=https%3A%2F%2Fwww.bing.com%2Fidentity%2Fidtokenv2&response_type=code&prompt=none&scope=openid%20profile%20email%20offline_access&code_challenge=pSZyglGznSpBXSighX4dNXrnIBc_uu57IvDVeGYVfa8&code_challenge_method=S256&response_mode=form_post&nonce=639185464531952793.N2VkN2U0NmYtMWE4Yy00OTZkLWI1ODMtMWMwNTRkMmUzOWMyODI5N2Q3ZDMtYTk1YS00YzM3LWI0NTAtOTYxNWIxMDdmZDFk&client_info=1&x-client-brkrver=IDWeb.4.1.1.0&siwa=1&siwg=1&state=CfDJ8A8rLfEh4ZdMhJ19YNJ4FtS-F6Mlh82lQQj5DgaCcGwB9xWcIgDMyWuX8DepQrQollVu37Bbh0FsbhP0G9QeswU8ceYhVOMQF24Bza5pDsQoKvTEbtyOKimNuaY7MF2L_-wHO6PDKQkaMNg7YlkgvDhFPaYUJt_OjFiDseblGg1dv35cVCve1ZYFxT5NrRKMK8uWtN49ko2VBOKTVYSRZjJsy-qfFpB-RmlZV6WKglQovD0BuwkZ7DbzNZQ5VRcdF5UVeTdBsJJDKRpyU5zHwz19qZEofN_2fr_17_BZy1W0dwRbLLWuMcYm-CDXnHiqzMviBXnBa4BHJugOQ_qUIOyxgR-yi5oU8doMRi5B9wU8aschuAJhOXXHE4Y1sRp9Ou-VuHOir9rp5hbbz1XU1khHa8OkbH1j3RgvSD-bRj9rOXYzT8qJXd2GBdobGVJRXQ&x-client-SKU=ID_NET10_0&x-client-ver=8.15.0.0 → pending (?ms, ?B)
[2026-07-01T23:47:33.690Z] POST https://www.bing.com/web/xlsc.aspx?dl=1&f=8 → pending (?ms, ?B)
[2026-07-01T23:47:33.690Z] POST https://www.bing.com/web/xlsc.aspx?dl=1&f=8 → pending (?ms, ?B)
[2026-07-01T23:47:33.691Z] POST https://www.bing.com/web/xlsc.aspx?dl=1&f=8 → pending (?ms, ?B)
[2026-07-01T23:47:33.740Z] GET https://r.bing.com/rs/5U/4A/cc,nc/dHh0YRAf6hmaCYSPwqut3Z1i8AA.css?or=w → 200 (4ms, -1851B)
[2026-07-01T23:47:33.746Z] GET https://r.bing.com/rs/5U/4d/cc,nc/SfR2Wg95CO-qcoM_waKy0GTC1lA.css?or=w → 200 (?ms, -1852B)
[2026-07-01T23:47:33.746Z] GET https://r.bing.com/rs/5U/4w/cc,nc/bv63bAj6cNRe_Oi1ctzmAcJYn4Y.css?or=w → 200 (71ms, 175B)
[2026-07-01T23:47:33.746Z] GET https://r.bing.com/rs/4/L/cc,nc/HRXc0Ol4mny16Z0L2YjjdOUNhJI.css?or=w → 200 (?ms, -1507B)
[2026-07-01T23:47:33.747Z] GET https://r.bing.com/rs/4/P/cc,nc/XY1jJ6klaUWi4F3_c_4HR_oQdGE.css?or=w → 200 (?ms, -1851B)
[2026-07-01T23:47:33.758Z] GET https://r.bing.com/rs/4/T/cc,nc/m6GZivkZTxxG1Uz__10V98VUSi0.css?or=w → 200 (?ms, -1851B)
[2026-07-01T23:47:33.758Z] GET https://r.bing.com/rs/4/19/cc,nc/dpaXuSJlaIdMQpQGH2UEsBGB_W0.css?or=w → 200 (1ms, -1851B)
[2026-07-01T23:47:33.759Z] GET https://r.bing.com/rs/4/br/cc,nc/KGkGR9O_9-_z3gmjZgc_n5ed54k.css?or=w → 200 (?ms, -1851B)
[2026-07-01T23:47:33.759Z] GET https://r.bing.com/rs/4/c3/cc,nc/ra8pg6BSE7Mw5MI3_aBRhW_HwtM.css?or=w → 200 (?ms, -1527B)
[2026-07-01T23:47:33.760Z] GET https://r.bing.com/rs/4/c5/cc,nc/zSceO6IS0K6V2RMeAWIyJ9FAPvg.css?or=w → 200 (?ms, -1852B)
[2026-07-01T23:47:33.760Z] GET https://r.bing.com/rs/4/cb/cc,nc/4R7adfHf6e8rieniGCddPNsyHBI.css?or=w → 200 (?ms, -1852B)
[2026-07-01T23:47:33.761Z] GET https://r.bing.com/rs/4/ef/cc,nc/RkpQSVjJoNS307YmBaqAKKAl5eM.css?or=w → 200 (?ms, -1852B)
[2026-07-01T23:47:33.761Z] GET https://r.bing.com/rp/mMJ0CUkwyy0mI6mvMF0oBcc6tts.br.css → 200 (?ms, -912B)
[2026-07-01T23:47:33.761Z] GET https://r.bing.com/rb/5W/cc,nc/v-ink1ufdbbEmWQ3BU82QC8scyg.css?bu=AYEL&or=w → 200 (?ms, -1528B)
[2026-07-01T23:47:33.762Z] GET https://r.bing.com/rb/5W/cc,nc/wlO4TSp30X_-acjYhMjsnKH_mJ8.css?bu=IWdnqwfZB2fpB5AI1gjdCPAIZ2ePCq4NxQ1nrw7iD2dngA6jBKYEZ0mOAbkDZ_kZnBpnZ7QD&or=w → 200 (?ms, -1853B)
[2026-07-01T23:47:33.762Z] GET https://r.bing.com/rp/vphmvifmlDJFSop-XZMQJ_Z4Ji4.br.css → 200 (?ms, -879B)
[2026-07-01T23:47:33.762Z] GET https://r.bing.com/rb/5W/cir3,cc,nc/CTQoJzCpS8vZEM4cEkixgAZsmHE.css?bu=EOcQ4hGvEroS9RLyE8sU1hTMFZoVnhKDEWfzFGdn&or=w → 200 (?ms, -1853B)
[2026-07-01T23:47:33.763Z] GET https://r.bing.com/rs/5U/3d/cc,nc/SxXkarLThNItIjv1QYI-2ahPJZk.css?or=w → 200 (?ms, -1528B)
[2026-07-01T23:47:33.763Z] GET https://r.bing.com/rb/5U/cir3,cc,nc/N8FJYCXTJjwLRbnIWKEJEbHzkMg.css?bu=Bd8VvBXuFfcWhQE&or=w → 200 (?ms, -1852B)
[2026-07-01T23:47:33.764Z] GET https://r.bing.com/rs/5U/vg/cir3,cc,nc/f_0O7L2mmkogHK9RnriDJLNewp4.css?or=w → 200 (?ms, -1851B)
[2026-07-01T23:47:33.764Z] GET https://r.bing.com/rs/5U/LD/cc,nc/OiTx_w5ZPNmrXxBD0baM1zXSrbM.css?or=w → 200 (?ms, -1852B)
[2026-07-01T23:47:33.764Z] GET https://r.bing.com/rp/sYefotpYMNWzb_He9_CKuZS3Nug.br.css → 200 (?ms, -908B)
[2026-07-01T23:47:33.765Z] GET https://r.bing.com/rp/aWcvNmbBScgv7y8smTMInr1pX1k.br.css → 200 (?ms, -880B)
[2026-07-01T23:47:33.765Z] GET https://r.bing.com/rp/kkAc4HUuMFvzO4de5Ty4igRluu4.br.css → 200 (?ms, -880B)
[2026-07-01T23:47:33.765Z] GET https://r.bing.com/rs/5U/vz/cir3,cc,nc/vxaVVTxgEL85nyk0paFVMrCaKwM.css?or=w → 200 (?ms, -1852B)
[2026-07-01T23:47:33.766Z] GET https://r.bing.com/rs/5U/bj/cc,nc/dasqSyz63ykXo1rNdXhKeVgJuLE.css?or=w → 200 (?ms, -1830B)
[2026-07-01T23:47:33.779Z] GET https://r.bing.com/rb/5U/cir3,cc,nc/YOQWLL8b80COTRaRTUsUgyMu24A.css?bu=ApsYtxg&or=w → 200 (?ms, -1529B)
[2026-07-01T23:47:33.780Z] GET https://r.bing.com/rp/4PNPeKhdkXroGBUF4pWtVwUpXZg.br.css → 200 (?ms, -880B)
[2026-07-01T23:47:33.780Z] GET https://r.bing.com/rp/wo6buArPgY0EkkAhbMc7EoHe4fQ.br.css → 200 (?ms, -912B)
[2026-07-01T23:47:33.780Z] GET https://r.bing.com/rs/5U/1r1/cc,nc/cQK6YehKAp_nCVfrmuIKwRzzWMc.css?or=w → 200 (?ms, -1851B)
[2026-07-01T23:47:33.781Z] GET https://r.bing.com/rs/2G/O/cc,nc/HUEH797DIe8z-cwNfE6VHV9W4FI.css?or=w → 200 (?ms, -1852B)
[2026-07-01T23:47:33.781Z] GET https://r.bing.com/rs/4t/h1/cc,nc/-uwPpvSfLsFhfo2sT-v3U1uH3Xo.css?or=w → 200 (?ms, -1852B)
[2026-07-01T23:47:33.781Z] GET https://r.bing.com/rp/wczR3URZR4-oWjjc5idYK8_hr54.br.css → 200 (1ms, -912B)
[2026-07-01T23:47:33.782Z] GET https://r.bing.com/rp/QA01mMR8jFPRQt-lGbR2aB5c8N8.br.css → 200 (?ms, -911B)
[2026-07-01T23:47:33.782Z] GET https://r.bing.com/rs/5U/1mI/cc,nc/pHmOVEqTZHoRq6L52AVyBujQxGU.css?or=w → 200 (?ms, -1506B)
[2026-07-01T23:47:33.782Z] GET https://r.bing.com/rs/5U/1m6/cc,nc/9FNAH2FDxWtpqARABkKgIPJjKX0.css?or=w → 200 (1ms, -1852B)
[2026-07-01T23:47:33.783Z] GET https://r.bing.com/rs/5U/1hE/cc,nc/d3MKWhpO9CLwpaouWQFhEfFRkC4.css?or=w → 200 (?ms, -1506B)
[2026-07-01T23:47:33.783Z] GET https://r.bing.com/rs/5U/1hs/cir3,cc,nc/lANMik3NlfVUQCBcZ3iigLENyxc.css?or=w → 200 (?ms, -1852B)
[2026-07-01T23:47:33.783Z] GET https://r.bing.com/rs/5U/1hK/cir3,cc,nc/bmw-a2aAilQKEULUrrp-mZjCL20.css?or=w → 200 (?ms, -1506B)
[2026-07-01T23:47:33.784Z] GET https://r.bing.com/rs/5U/px/cir3,cc,nc/uo8l_8vMv_prnO2OFOIn62NKK9I.css?or=w → 200 (?ms, -1523B)
[2026-07-01T23:47:33.784Z] GET https://r.bing.com/rs/5U/1lJ/cc,nc/vz6dRcgrs5SJNxKwOJOuzho628c.css?or=w → 200 (?ms, -1851B)
[2026-07-01T23:47:33.784Z] GET https://r.bing.com/rp/sd09ZoqYFtYgki8gbUcaMRzc1N4.br.css → 200 (?ms, -936B)
[2026-07-01T23:47:33.785Z] GET https://r.bing.com/rp/FKS192HHDePhRBlTY1nt1-W0c_Q.br.css → 200 (?ms, -912B)
[2026-07-01T23:47:33.785Z] GET https://www.bing.com/rp/G4zs3GwQ49RV2fotjF7gr1LGo2k.br.js → 200 (?ms, -898B)
[2026-07-01T23:47:33.785Z] GET https://r.bing.com/rp/b0wb-PPG5V2NYLlQshXcY-UkPwk.br.js → 200 (?ms, -905B)
[2026-07-01T23:47:33.786Z] GET https://r.bing.com/rs/5U/ur/cir3,cc,nc/NA01FcDoQNBG4hrb0M_2gwXhWHc.css?or=w → 200 (?ms, -1853B)
[2026-07-01T23:47:33.786Z] GET https://r.bing.com/rs/4/7/cc,nc/subLxTb7u3F7TIT50B66H1QD28I.css?or=w → 200 (?ms, -1528B)
[2026-07-01T23:47:33.786Z] GET https://r.bing.com/rs/4/f/cc,nc/wgFVGa7g8sfe_ycPGGR-qspJzv8.css?or=w → 200 (?ms, -1527B)
[2026-07-01T23:47:33.787Z] GET https://r.bing.com/rs/4/p/cc,nc/XNzamTTrJtRNh2HS09eCNoFGHk4.css?or=w → 200 (?ms, -1528B)
[2026-07-01T23:47:33.788Z] GET https://r.bing.com/rs/4/H/cc,nc/X4bDwurSJyqY-DKKAjIsTHBDoGw.css?or=w → 200 (?ms, -1528B)
[2026-07-01T23:47:33.788Z] GET https://r.bing.com/rs/4/J/cc,nc/cUG38_RNQ36D7zDaC9NTOlMu83w.css?or=w → 200 (?ms, -1527B)
[2026-07-01T23:47:33.788Z] GET https://r.bing.com/rs/4/4r/cc,nc/nI08w6N8jhrY2wDSytZ2AC7UgSA.css?or=w → 200 (1ms, -1507B)
[2026-07-01T23:47:33.789Z] GET https://r.bing.com/rs/4/4v/cc,nc/2JbRhA4tc8Dwn6W_bLgFHDTDo1o.css?or=w → 200 (?ms, -1852B)
[2026-07-01T23:47:33.789Z] GET https://r.bing.com/rs/4/4F/cc,nc/_ugksdJLaoxUEvsa8alT4BTM5NI.css?or=w → 200 (?ms, -1853B)
[2026-07-01T23:47:33.790Z] GET https://r.bing.com/rs/4/6d/cc,nc/aZA-sbK40fi6Df7Z-XgPJ6P6Mxg.css?or=w → 200 (?ms, -1852B)
[2026-07-01T23:47:33.799Z] GET https://r.bing.com/rs/4/bh/cc,nc/mcCrZWz3NY5gjJewmcPIkLZ3h5c.css?or=w → 200 (1ms, -1528B)
[2026-07-01T23:47:33.800Z] GET https://r.bing.com/rs/4/bl/cc,nc/DqyoN9ve4F95kcuTmzWN4ugdtaY.css?or=w → 200 (?ms, -1528B)
[2026-07-01T23:47:33.800Z] GET https://r.bing.com/rs/4/bp/cc,nc/aQpM49nLjBZOa7Hv5tE5F2T06y4.css?or=w → 200 (?ms, -1527B)
[2026-07-01T23:47:33.801Z] GET https://r.bing.com/rs/4/bv/cc,nc/Gi5outXoe5_J3R_zgxEjzv9uu7o.css?or=w → 200 (?ms, -1527B)
[2026-07-01T23:47:33.801Z] GET https://r.bing.com/rs/4/bx/cc,nc/V-vQwNTizuJEc03TGIkO2Lja8Xg.css?or=w → 200 (?ms, -1851B)
[2026-07-01T23:47:33.802Z] GET https://r.bing.com/rs/4/bH/cc,nc/nhGxCCiZWVyh7cmBIQhGY2zde7o.css?or=w → 200 (?ms, -1528B)
[2026-07-01T23:47:33.802Z] GET https://r.bing.com/rs/4/bX/cc,nc/2ms6PozTyQH0w_c-77AHT7rZZfI.css?or=w → 200 (?ms, -1506B)
[2026-07-01T23:47:33.802Z] GET https://r.bing.com/rs/4/gD/cc,nc/x49L2j72FppcfdX2pwL2vqpnObg.css?or=w → 200 (?ms, -1852B)
[2026-07-01T23:47:33.803Z] GET https://r.bing.com/rs/4/gF/cc,nc/SMoyWwBk7AmKoO-r86uLLL9IdgU.css?or=w → 200 (1ms, -1852B)
[2026-07-01T23:47:33.804Z] GET https://r.bing.com/rs/4/gL/cc,nc/c3lIa0HUZaz7XLMDar_ubnie80g.css?or=w → 200 (1ms, -1852B)
[2026-07-01T23:47:33.805Z] GET https://r.bing.com/rs/4/i3/cc,nc/n5Xz6cy8m70ygnqhEWU_Z-yB3oY.css?or=w → 200 (1ms, -1852B)
[2026-07-01T23:47:33.806Z] GET https://r.bing.com/rs/4/nP/cc,nc/qKG05WI44bkdWuSvR64m-KDTmgY.css?or=w → 200 (?ms, -1852B)
[2026-07-01T23:47:33.806Z] GET https://r.bing.com/rs/4/nR/cc,nc/kuNkCBJ8oJzWc4USu6ZS8EBn5JA.css?or=w → 200 (?ms, -1852B)
[2026-07-01T23:47:33.807Z] GET https://r.bing.com/rs/5U/4D/cc,nc/VZoFV9s35xjYakNRNUAa5xixDmY.css?or=w → 200 (?ms, -1851B)
[2026-07-01T23:47:33.807Z] GET https://r.bing.com/rp/cfi8m8a3oAKZHJip_yZfJmMyyfc.br.css → 200 (10ms, 331B)
[2026-07-01T23:47:33.807Z] GET https://challenges.cloudflare.com/turnstile/v0/api.js → 302 (11ms, ?B)
[2026-07-01T23:47:33.807Z] GET https://r.bing.com/rp/eak_FCgBpqskOiPX4Wwovili9-g.br.js → 200 (?ms, -902B)
[2026-07-01T23:47:33.807Z] GET https://r.bing.com/rp/C_c5gjtK4f01O4LfPUZBkQROMF4.br.js → 200 (?ms, -933B)
[2026-07-01T23:47:33.816Z] GET https://r.bing.com/rp/7xJHoaPMPrE8RaLHLYedT4Q20b0.br.js → 200 (?ms, -965B)
[2026-07-01T23:47:33.817Z] GET https://r.bing.com/rp/FIrq4n7XJcH-bxJlHvalz0nETAA.br.js → 200 (?ms, -932B)
[2026-07-01T23:47:33.818Z] GET https://challenges.cloudflare.com/turnstile/v0/g/37d84357f321/api.js → 200 (18ms, 22263B)
[2026-07-01T23:47:33.830Z] GET https://r.bing.com/rp/EX_mgILPdYtFnI-37m1pZn5YKII.png → 200 (?ms, -916B)
[2026-07-01T23:47:33.838Z] GET https://r.bing.com/rp/0J47_h3CrL7lOTh2hkBM0lYDGbQ.br.css → 200 (10ms, -939B)
[2026-07-01T23:47:33.847Z] GET https://www.bing.com/fd/ls/l?IG=6A723812AF76460EB51D0A4C74B18E7F&Type=Event.CPT&DATA={%22pp%22:{%22S%22:%22L%22,%22FC%22:39,%22BC%22:39,%22SE%22:-1,%22TC%22:-1,%22H%22:77,%22BP%22:78,%22CT%22:88,%22IL%22:1},%22ad%22:[-1,-1,1280,720,1280,720,0],%22net%22:%22undefined%22}&P=SERP&DA=SJCE01&MN=SERP&dl=5 → 200 (66ms, 13B)
[2026-07-01T23:47:33.858Z] GET https://r.bing.com/rs/6s/gm/jnc,nj/tlifxqsNyCzxIJnRwtQKuZToQQw.js?or=w → 200 (133ms, -1407B)
[2026-07-01T23:47:33.858Z] GET https://r.bing.com/rp/pgHdqZ_B7jLHwcfyhL5E5dCLXpc.br.js → 200 (27ms, -931B)
[2026-07-01T23:47:33.858Z] GET https://r.bing.com/rp/Tzi0lFhZU13XYuDY050dWBV6DfQ.br.js → 200 (28ms, -994B)
[2026-07-01T23:47:33.858Z] GET https://r.bing.com/rp/R-OIXOLn-Vr0XopaKa9K48CgYs8.br.js → 200 (28ms, -961B)
[2026-07-01T23:47:33.858Z] GET https://r.bing.com/rp/-V5wTZcrW0CU8Mo8ihfH5VDKems.br.js → 200 (32ms, -1025B)
[2026-07-01T23:47:33.858Z] GET https://r.bing.com/rp/xcSIsTDS1yhrulkVnoR1WFVhdrI.br.js → 200 (38ms, -929B)
[2026-07-01T23:47:33.858Z] GET https://r.bing.com/rp/cfKt7bw67nxWZkkgOIRReDE3rQI.br.js → 200 (104ms, -959B)
[2026-07-01T23:47:33.859Z] GET https://r.bing.com/rp/yt5G3936XbeOUUYvhktH-Zp37Ac.br.js → 200 (41ms, -927B)
[2026-07-01T23:47:33.859Z] GET https://r.bing.com/rp/ikHX-hlyfHuZmHc50q1pcAAQP5E.br.js → 200 (49ms, -959B)
[2026-07-01T23:47:33.862Z] GET https://r.bing.com/rp/En6blPJcqovigCz6Ix1FLnXHt24.br.js → 200 (47ms, -993B)
[2026-07-01T23:47:33.862Z] GET https://r.bing.com/rp/0Tfs80oEbRYDgF7ylLj21W9MXHU.br.js → 200 (49ms, -930B)
[2026-07-01T23:47:33.862Z] GET https://r.bing.com/rp/hGh1QYxKkgoInRpYEnS7wIT1nyc.br.js → 200 (59ms, -930B)
[2026-07-01T23:47:33.862Z] GET https://r.bing.com/rp/6wBFuewIOH06q9w4Bw8z-SKiip4.br.js → 200 (64ms, -956B)
[2026-07-01T23:47:33.862Z] GET https://r.bing.com/rs/6s/gm/jnc,nj/tlifxqsNyCzxIJnRwtQKuZToQQw.js?or=w → 200 (22ms, -1407B)
[2026-07-01T23:47:33.863Z] GET https://r.bing.com/rp/fYa4G4wbz4PjD3tZaW3pycMuo2c.br.js → 200 (66ms, -927B)
[2026-07-01T23:47:33.863Z] GET https://r.bing.com/rb/4R/jnc,nj/cKzGnam6-Fytml03VT3ixBZ9tTs.js?bu=A4E0hDSHNA&or=w → 200 (70ms, -1895B)
[2026-07-01T23:47:33.863Z] GET https://r.bing.com/rp/qwce00QJxdHzNxXh5H1mBc8QgBU.br.js → 200 (72ms, -953B)
[2026-07-01T23:47:33.863Z] GET https://r.bing.com/rp/rJAhQDJ7mcmc690pfjItaDhmv18.br.js → 200 (73ms, -963B)
[2026-07-01T23:47:33.864Z] GET https://r.bing.com/rp/Y-IofXCiouangPfEhpp6Z_AOYcM.br.js → 200 (74ms, -929B)
[2026-07-01T23:47:33.864Z] GET https://r.bing.com/rp/B41j9eGM1DLNjQd-XrgY_sctGDk.br.js → 200 (77ms, -928B)
[2026-07-01T23:47:33.864Z] GET https://r.bing.com/rp/zdmMHs-W9gAv2E4tepjW7Dca8hc.br.js → 200 (126ms, 2155B)
[2026-07-01T23:47:33.864Z] GET https://r.bing.com/rp/6Mux04pho-6mbc6AOKSXzKvF50Y.br.js → 200 (78ms, -963B)
[2026-07-01T23:47:33.864Z] GET https://r.bing.com/rp/5I0Cuul36Grrwnqn9LpjC23cpQ8.br.js → 200 (80ms, -929B)
[2026-07-01T23:47:33.864Z] GET https://r.bing.com/rp/oU3D75fwOKYAqRTtv6cscmsEla8.br.js → 200 (80ms, -930B)
[2026-07-01T23:47:33.864Z] GET https://r.bing.com/rp/88F_WFp57AEhbuX2xUzJp0yKLEM.br.js → 200 (81ms, -928B)
[2026-07-01T23:47:33.867Z] GET https://r.bing.com/rp/KUj639dFcatHE77xtiTb-KSEsSA.br.js → 200 (81ms, -994B)
[2026-07-01T23:47:33.867Z] GET https://r.bing.com/rp/b1xhc3Vl3_FhS-lf4VS_IJJoJF8.br.js → 200 (81ms, -963B)
[2026-07-01T23:47:33.867Z] GET https://r.bing.com/rp/lretEsPBznPrs_56NGHU4WYnmc4.br.js → 200 (83ms, -930B)
[2026-07-01T23:47:33.867Z] GET https://r.bing.com/rp/ngUTcJtv7sjHF74PweBPO8yGyxQ.br.js → 200 (83ms, -962B)
[2026-07-01T23:47:33.868Z] GET https://r.bing.com/rp/6ZpK9fh9cD0LYcXzkYpUR9MV_-g.br.js → 200 (84ms, -927B)
[2026-07-01T23:47:33.868Z] GET https://r.bing.com/rp/KLrSbzDKMog0mCiPcB9iwoEvlE4.br.js → 200 (87ms, -986B)
[2026-07-01T23:47:33.868Z] GET https://r.bing.com/rp/ClBkzRTD0QLpIATX2q7eWktfr_k.br.js → 200 (89ms, -995B)
[2026-07-01T23:47:33.868Z] GET https://r.bing.com/rp/uceaWoHkRefVM5EK1cFT2TcyRm0.br.js → 200 (94ms, -928B)
[2026-07-01T23:47:33.871Z] GET https://r.bing.com/rp/AaMNMcbonPOvZZOl4Lx8-gy2CLQ.br.js → 200 (91ms, -928B)
[2026-07-01T23:47:33.871Z] GET https://r.bing.com/rp/dILjFnlu3tFtlz3D1HusK2wu9g8.br.js → 200 (96ms, -991B)
[2026-07-01T23:47:33.871Z] GET https://r.bing.com/rp/CnuSs8RGmjTsMT91VsxGzD6pvXs.br.js → 200 (97ms, -930B)
[2026-07-01T23:47:33.872Z] GET https://r.bing.com/rp/fRSNKQanUHk53F1a1Bi8UA71Qt4.br.js → 200 (96ms, -928B)
[2026-07-01T23:47:33.872Z] GET https://r.bing.com/rp/DR3HSCOIEFQKTsP_w1z3exhqKIw.br.js → 200 (97ms, -930B)
[2026-07-01T23:47:33.872Z] GET https://r.bing.com/rp/cfKt7bw67nxWZkkgOIRReDE3rQI.br.js → 200 (27ms, -959B)
[2026-07-01T23:47:33.872Z] GET https://r.bing.com/rp/xcXoIIPNYmJF-EYrsQBDlqHo36g.br.js → 200 (97ms, -927B)
[2026-07-01T23:47:33.872Z] GET https://r.bing.com/rp/uP1dLTYbxyhIP5Ae5ENgyyzxyOc.br.js → 200 (98ms, -995B)
[2026-07-01T23:47:33.875Z] GET https://r.bing.com/rp/ERxD1rq0Xd7Fewx2Ys6cWhWRMmk.br.js → 200 (95ms, -959B)
[2026-07-01T23:47:33.875Z] GET https://r.bing.com/rp/sJ3s4CcWssN1-yBhgYXI5ztX9tU.br.js → 200 (96ms, -930B)
[2026-07-01T23:47:33.875Z] GET https://r.bing.com/rp/Ytxs5tpnCZO__xIrhWwJA-yGHZM.br.js → 200 (100ms, -930B)
[2026-07-01T23:47:33.875Z] GET https://r.bing.com/rs/6s/lx/nj/x-x_v9X2pwR9AlcQef28REZvCsY.js?or=w → 200 (101ms, -1409B)
[2026-07-01T23:47:33.876Z] GET https://r.bing.com/rp/lLk8XmbdNzzlnPRzVzDhaF9yjqw.br.js → 200 (100ms, -959B)
[2026-07-01T23:47:33.876Z] GET https://r.bing.com/rp/Ass0FROa2e9YKJimHNSYJXacvKI.br.js → 200 (101ms, -961B)
[2026-07-01T23:47:33.876Z] GET https://r.bing.com/rp/uYfKaCEKoUJO8QF1Vlmton1QU_Y.br.js → 200 (101ms, -962B)
[2026-07-01T23:47:33.876Z] GET https://r.bing.com/rp/lkM7-j-6lj2mHueJugMSD2pY8kM.br.js → 200 (101ms, -961B)
[2026-07-01T23:47:33.876Z] GET https://r.bing.com/rp/Gyuq2bqitqDJM0BeAkbKXGlQXNw.br.js → 200 (111ms, -928B)
[2026-07-01T23:47:33.879Z] GET https://r.bing.com/rp/n21aGRCN5EKHB3qObygw029dyNU.br.js → 200 (108ms, -953B)
[2026-07-01T23:47:33.879Z] GET https://r.bing.com/rp/hSC2A2u1nPLBLKtx9YeXrNrijSw.br.js → 200 (109ms, -962B)
[2026-07-01T23:47:33.879Z] GET https://r.bing.com/rp/psgXZvzYJMEW2ydikIk493Va1d4.br.js → 200 (109ms, -927B)
[2026-07-01T23:47:33.879Z] GET https://r.bing.com/rs/6s/wg/nj/nt6a1ZR520utsLoZmSYgwxdOPgI.js?or=w → 200 (110ms, -1548B)
[2026-07-01T23:47:33.879Z] GET https://r.bing.com/rp/5L3iD467J3iJWEPwIjxlK0MMDpY.br.js → 200 (110ms, -928B)
[2026-07-01T23:47:33.879Z] GET https://r.bing.com/rp/9Z2GyyGvsKSVNrmOMrTfcv8z_yQ.br.js → 200 (110ms, -960B)
[2026-07-01T23:47:33.879Z] GET https://r.bing.com/rp/K_V1CARn2Q2lTs5njJKUvUkHyi4.br.js → 200 (111ms, -984B)
[2026-07-01T23:47:33.880Z] GET https://r.bing.com/rp/3eHIthF6R2e1ZRdN3zxkF_nk-6w.br.js → 200 (110ms, -962B)
[2026-07-01T23:47:33.884Z] GET https://r.bing.com/rs/6s/gm/jnc,nj/tlifxqsNyCzxIJnRwtQKuZToQQw.js?or=w → 200 (44ms, -1407B)
[2026-07-01T23:47:33.994Z] GET https://r.bing.com/rp/pgHdqZ_B7jLHwcfyhL5E5dCLXpc.br.js → 200 (?ms, -931B)
[2026-07-01T23:47:33.995Z] GET https://r.bing.com/rp/Tzi0lFhZU13XYuDY050dWBV6DfQ.br.js → 200 (4ms, -994B)
[2026-07-01T23:47:34.000Z] GET https://r.bing.com/rp/R-OIXOLn-Vr0XopaKa9K48CgYs8.br.js → 200 (?ms, -961B)
[2026-07-01T23:47:34.000Z] GET https://r.bing.com/rp/-V5wTZcrW0CU8Mo8ihfH5VDKems.br.js → 200 (?ms, -1025B)
[2026-07-01T23:47:34.000Z] GET https://r.bing.com/rp/xcSIsTDS1yhrulkVnoR1WFVhdrI.br.js → 200 (3ms, -929B)
[2026-07-01T23:47:34.004Z] GET https://r.bing.com/rp/cfKt7bw67nxWZkkgOIRReDE3rQI.br.js → 200 (3ms, -959B)
[2026-07-01T23:47:34.008Z] GET https://r.bing.com/rp/yt5G3936XbeOUUYvhktH-Zp37Ac.br.js → 200 (?ms, -927B)
[2026-07-01T23:47:34.010Z] GET https://r.bing.com/rp/ikHX-hlyfHuZmHc50q1pcAAQP5E.br.js → 200 (?ms, -959B)
[2026-07-01T23:47:34.012Z] GET https://r.bing.com/rp/En6blPJcqovigCz6Ix1FLnXHt24.br.js → 200 (1ms, -993B)
[2026-07-01T23:47:34.014Z] GET https://r.bing.com/rp/0Tfs80oEbRYDgF7ylLj21W9MXHU.br.js → 200 (1ms, -930B)
[2026-07-01T23:47:34.016Z] GET https://r.bing.com/rp/hGh1QYxKkgoInRpYEnS7wIT1nyc.br.js → 200 (1ms, -930B)
[2026-07-01T23:47:34.019Z] GET https://r.bing.com/rp/6wBFuewIOH06q9w4Bw8z-SKiip4.br.js → 200 (3ms, -956B)
[2026-07-01T23:47:34.024Z] GET https://www.bing.com/rewardsapp/widgetassets/prod/medallion/1.9.11/js/widget.js?t=260701 → 200 (1ms, -731B)
[2026-07-01T23:47:34.047Z] GET https://r.bing.com/rp/fYa4G4wbz4PjD3tZaW3pycMuo2c.br.js → 200 (5ms, -927B)
[2026-07-01T23:47:34.053Z] GET https://r.bing.com/rb/4R/jnc,nj/cKzGnam6-Fytml03VT3ixBZ9tTs.js?bu=A4E0hDSHNA&or=w → 200 (3ms, -1895B)
[2026-07-01T23:47:34.058Z] GET https://r.bing.com/rp/qwce00QJxdHzNxXh5H1mBc8QgBU.br.js → 200 (2ms, -953B)
[2026-07-01T23:47:34.062Z] GET https://r.bing.com/rp/rJAhQDJ7mcmc690pfjItaDhmv18.br.js → 200 (2ms, -963B)
[2026-07-01T23:47:34.065Z] GET https://r.bing.com/rp/Y-IofXCiouangPfEhpp6Z_AOYcM.br.js → 200 (2ms, -929B)
[2026-07-01T23:47:34.069Z] GET https://r.bing.com/rp/B41j9eGM1DLNjQd-XrgY_sctGDk.br.js → 200 (2ms, -928B)
[2026-07-01T23:47:34.072Z] GET https://r.bing.com/rp/zdmMHs-W9gAv2E4tepjW7Dca8hc.br.js → 200 (3ms, -931B)
[2026-07-01T23:47:34.088Z] POST https://www.bing.com/web/chlrate?status=i&partner=7&ajaxreq=1 → 200 (56ms, 38B)
[2026-07-01T23:47:34.091Z] GET https://challenges.cloudflare.com/cdn-cgi/challenge-platform/h/g/turnstile/f/av0/rch/fot9e/0x4AAAAAABgNScUsbCFCjwIZ/light/fbE/new/normal?lang=en → 200 (38ms, 98137B)
[2026-07-01T23:47:34.093Z] GET https://r.bing.com/rp/6Mux04pho-6mbc6AOKSXzKvF50Y.br.js → 200 (2ms, -963B)
[2026-07-01T23:47:34.098Z] GET https://r.bing.com/rp/5I0Cuul36Grrwnqn9LpjC23cpQ8.br.js → 200 (3ms, -929B)
[2026-07-01T23:47:34.103Z] GET https://r.bing.com/rp/oU3D75fwOKYAqRTtv6cscmsEla8.br.js → 200 (4ms, -930B)
[2026-07-01T23:47:34.109Z] GET https://r.bing.com/rp/88F_WFp57AEhbuX2xUzJp0yKLEM.br.js → 200 (3ms, -928B)
[2026-07-01T23:47:34.118Z] GET https://r.bing.com/rp/KUj639dFcatHE77xtiTb-KSEsSA.br.js → 200 (14ms, -994B)
[2026-07-01T23:47:34.133Z] GET https://r.bing.com/rp/b1xhc3Vl3_FhS-lf4VS_IJJoJF8.br.js → 200 (3ms, -963B)
[2026-07-01T23:47:34.137Z] GET https://r.bing.com/rp/lretEsPBznPrs_56NGHU4WYnmc4.br.js → 200 (10ms, -930B)
[2026-07-01T23:47:34.180Z] GET https://r.bing.com/rp/ngUTcJtv7sjHF74PweBPO8yGyxQ.br.js → 200 (5ms, -962B)
[2026-07-01T23:47:34.188Z] GET https://r.bing.com/rp/6ZpK9fh9cD0LYcXzkYpUR9MV_-g.br.js → 200 (3ms, -927B)
[2026-07-01T23:47:34.193Z] GET https://r.bing.com/rp/KLrSbzDKMog0mCiPcB9iwoEvlE4.br.js → 200 (3ms, -986B)
[2026-07-01T23:47:34.198Z] GET https://r.bing.com/rp/ClBkzRTD0QLpIATX2q7eWktfr_k.br.js → 200 (3ms, -995B)
[2026-07-01T23:47:34.203Z] GET https://r.bing.com/rp/uceaWoHkRefVM5EK1cFT2TcyRm0.br.js → 200 (5ms, -928B)
[2026-07-01T23:47:34.210Z] GET https://r.bing.com/rp/AaMNMcbonPOvZZOl4Lx8-gy2CLQ.br.js → 200 (5ms, -928B)
[2026-07-01T23:47:34.217Z] GET https://r.bing.com/rp/dILjFnlu3tFtlz3D1HusK2wu9g8.br.js → 200 (2ms, -991B)
[2026-07-01T23:47:34.220Z] GET https://r.bing.com/rp/CnuSs8RGmjTsMT91VsxGzD6pvXs.br.js → 200 (7ms, -930B)
[2026-07-01T23:47:34.229Z] GET https://r.bing.com/rp/fRSNKQanUHk53F1a1Bi8UA71Qt4.br.js → 200 (3ms, -928B)
[2026-07-01T23:47:34.234Z] GET https://r.bing.com/rp/DR3HSCOIEFQKTsP_w1z3exhqKIw.br.js → 200 (4ms, -930B)
[2026-07-01T23:47:34.240Z] GET https://r.bing.com/rp/xcXoIIPNYmJF-EYrsQBDlqHo36g.br.js → 200 (4ms, -927B)
[2026-07-01T23:47:34.246Z] GET https://r.bing.com/rp/uP1dLTYbxyhIP5Ae5ENgyyzxyOc.br.js → 200 (3ms, -995B)
[2026-07-01T23:47:34.250Z] GET https://r.bing.com/rp/ERxD1rq0Xd7Fewx2Ys6cWhWRMmk.br.js → 200 (3ms, -959B)
[2026-07-01T23:47:34.260Z] GET https://r.bing.com/rp/sJ3s4CcWssN1-yBhgYXI5ztX9tU.br.js → 200 (1ms, -930B)
[2026-07-01T23:47:34.263Z] GET https://r.bing.com/rp/Ytxs5tpnCZO__xIrhWwJA-yGHZM.br.js → 200 (3ms, -930B)
[2026-07-01T23:47:34.267Z] GET https://r.bing.com/rs/6s/lx/nj/x-x_v9X2pwR9AlcQef28REZvCsY.js?or=w → 200 (3ms, -1409B)
[2026-07-01T23:47:34.272Z] GET https://r.bing.com/rp/lLk8XmbdNzzlnPRzVzDhaF9yjqw.br.js → 200 (3ms, -959B)
[2026-07-01T23:47:34.279Z] GET https://www.bing.com/images/sbi?mmasync=1&ig=6A723812AF76460EB51D0A4C74B18E7F&iid=.5094&ptn=Web&ep=0&iconpl=1&ajaxreq=1 → 200 (63ms, 20894B)
[2026-07-01T23:47:34.279Z] GET https://r.bing.com/rp/Ass0FROa2e9YKJimHNSYJXacvKI.br.js → 200 (4ms, -961B)
[2026-07-01T23:47:34.285Z] GET https://r.bing.com/rp/uYfKaCEKoUJO8QF1Vlmton1QU_Y.br.js → 200 (5ms, -962B)
[2026-07-01T23:47:34.295Z] GET https://www.bing.com/instantsearch/getquerylist?query=technical%20due%20diligence%20m → 200 (149ms, 44B)
[2026-07-01T23:47:34.296Z] GET https://r.bing.com/rp/lkM7-j-6lj2mHueJugMSD2pY8kM.br.js → 200 (3ms, -961B)
[2026-07-01T23:47:34.301Z] GET https://r.bing.com/rp/Gyuq2bqitqDJM0BeAkbKXGlQXNw.br.js → 200 (5ms, -928B)
[2026-07-01T23:47:34.308Z] GET https://r.bing.com/rp/n21aGRCN5EKHB3qObygw029dyNU.br.js → 200 (4ms, -953B)
[2026-07-01T23:47:34.317Z] GET https://r.bing.com/rp/hSC2A2u1nPLBLKtx9YeXrNrijSw.br.js → 200 (32ms, -962B)
[2026-07-01T23:47:34.318Z] GET https://challenges.cloudflare.com/cdn-cgi/challenge-platform/h/g/cmg/1 → 200 (1ms, 208B)
[2026-07-01T23:47:34.342Z] GET https://r.bing.com/rp/fdVZU4ttbw8NDRm6H3I5BW3_vCo.svg → 200 (1ms, -919B)
[2026-07-01T23:47:34.343Z] GET https://r.bing.com/rp/4L4QdyjTv0HYE2Ig2ol9eYoqxg8.svg → 200 (2ms, -891B)
[2026-07-01T23:47:34.346Z] GET https://r.bing.com/rp/UusW4P7f5q9mXctgEuZhyIziufA.svg → 200 (?ms, -887B)
[2026-07-01T23:47:34.347Z] GET https://r.bing.com/rp/4A9D07RlW6M7gPmPQQydX3khDJc.svg → 200 (?ms, -888B)
[2026-07-01T23:47:34.347Z] GET https://r.bing.com/rp/lwgCOY8rCo0Ub0btSshwRlT9HWI.br.js → 200 (1ms, -928B)
[2026-07-01T23:47:34.348Z] GET https://r.bing.com/rp/ulJ3ckR0YcGpvIX6xhO4prJhEQQ.br.js → 200 (?ms, -928B)
[2026-07-01T23:47:34.365Z] GET https://r.bing.com/rp/psgXZvzYJMEW2ydikIk493Va1d4.br.js → 200 (5ms, -927B)
[2026-07-01T23:47:34.372Z] POST https://www.bing.com/rewardsapp/ncheader?ver=70241716&IID=SERP.5051&IG=6A723812AF76460EB51D0A4C74B18E7F&ajaxreq=1 → pending (?ms, ?B)
[2026-07-01T23:47:34.372Z] GET https://r.bing.com/rs/6s/wg/nj/nt6a1ZR520utsLoZmSYgwxdOPgI.js?or=w → 200 (5ms, -1548B)
[2026-07-01T23:47:34.378Z] GET https://r.bing.com/rp/5L3iD467J3iJWEPwIjxlK0MMDpY.br.js → 200 (5ms, -928B)
[2026-07-01T23:47:34.383Z] GET https://r.bing.com/rp/9Z2GyyGvsKSVNrmOMrTfcv8z_yQ.br.js → 200 (7ms, -960B)
[2026-07-01T23:47:34.385Z] GET blob:https://challenges.cloudflare.com/3e905934-0ce6-4fd0-835a-45ffac552173 → pending (?ms, ?B)
[2026-07-01T23:47:34.391Z] GET https://r.bing.com/rp/K_V1CARn2Q2lTs5njJKUvUkHyi4.br.js → 200 (1ms, -984B)
[2026-07-01T23:47:34.395Z] POST https://www.bing.com/rewardsapp/reportActivity?IG=6A723812AF76460EB51D0A4C74B18E7F&IID=SERP.5061&q=technical+due+diligence+M%26A+software+engineer+career+skills+corporate+development&rdr=1&rdrig=EE7987E22919465A9CFC5300555C56EA&ajaxreq=1 → pending (?ms, ?B)
[2026-07-01T23:47:34.396Z] GET https://r.bing.com/rp/3eHIthF6R2e1ZRdN3zxkF_nk-6w.br.js → 200 (3ms, -962B)
[2026-07-01T23:47:34.437Z] GET https://r.bing.com/rp/0J47_h3CrL7lOTh2hkBM0lYDGbQ.br.css → 200 (6ms, -939B)
[2026-07-01T23:47:34.437Z] POST https://www.bing.com/web/xlsc.aspx?dl=1&f=8 → pending (?ms, ?B)
[2026-07-01T23:47:34.437Z] GET https://r.bing.com/rp/dOvV34-q8HFUuOwFe5fQI11TH7c.br.js → 200 (?ms, -932B)
[2026-07-01T23:47:34.439Z] GET https://r.bing.com/rp/F9ya6E3sghxzDhnC7u30wctxmxI.br.js → 200 (?ms, -984B)
[2026-07-01T23:47:34.439Z] GET https://r.bing.com/rp/sP3_5NdWuKDEyanxUN44BAoM0E0.br.js → 200 (?ms, -932B)
[2026-07-01T23:47:34.441Z] GET https://www.bing.com/fd/auth/signin/v2?action=interactive&isSilent=true → pending (?ms, ?B)
[2026-07-01T23:47:34.500Z] GET https://r.bing.com/rs/4t/3T/cir3,cc,nc/inKqjZb7BBrOYwHLzCiWzAwJAZs.css?or=w → 200 (?ms, -1877B)
[2026-07-01T23:47:34.500Z] GET https://r.bing.com/rs/4t/44/cc,nc/SfJ6raSq1fhuhhfFXPVdwEdJvkY.css?or=w → 200 (2ms, -1877B)
[2026-07-01T23:47:34.502Z] GET https://r.bing.com/rs/4t/3e/cc,nc/RxnQtSv3YDXTp2Pi1BT-ojVQhss.css?or=w → 200 (?ms, -1877B)
[2026-07-01T23:47:34.502Z] GET https://r.bing.com/rs/4t/3W/cir3,cc,nc/eyf7iYpkU1E7D0Itcc4XVcbdbLc.css?or=w → 200 (?ms, -1877B)
[2026-07-01T23:47:34.502Z] GET https://r.bing.com/rp/MFCea3lBZtF5AAN0Slj6qpivo78.br.js → 200 (?ms, -931B)
[2026-07-01T23:47:34.510Z] GET https://login.microsoftonline.com/consumers/oauth2/v2.0/authorize?client_id=077c9b95-2f57-4442-8872-134fcc08fcb3&redirect_uri=https%3A%2F%2Fwww.bing.com%2Fidentity%2Fidtokenv2&response_type=code&prompt=none&scope=openid%20profile%20email%20offline_access&code_challenge=x1G3dUw1vxwm6_9GYkWg6tDMqaBbkqJY8nTTssaYAbo&code_challenge_method=S256&response_mode=form_post&nonce=639185464541014493.ZmMxM2FmNzEtM2Y1Yi00M2ViLTgxN2QtNDBlNGJhNmY4NWM5OWFlNThhZTAtNjA1Mi00ODQ5LWJjMTUtYTMxNjdmNDc4MzIz&client_info=1&x-client-brkrver=IDWeb.4.1.1.0&siwa=1&siwg=1&state=CfDJ8A8rLfEh4ZdMhJ19YNJ4FtT1Uuyn5d7AHdeZrU8ZIfAjbLNl3fdCp-QeAv8HZN-10v5sivoLuqgby_LDoae5c_yVnutCsac90Babeqb_1spEbN8b7rJALePrD4fbptO2aagiyjPUu0kMWlr5N0YE8TmdLuRiRacpAUMHmiYkGikrXvsc0YTSqCzzaWV08mujJl1sCQv0le4R7kVEbpCtsrwdnCf6fiXOkhswv6W8UgJ3n6pwLnRODdat9rAbYUbur4GwMdzK7oYGTgE6kSQWrOdROOJ-K7DVov9Jwbj8GnITWB-0PVJol-fclfK7UjqWrayXIIfutKBAamV9As0_l91uP1MaXzqjGqldWi8cyDPZBHsSUehMZihyXUN0GxZ8o-FRFiMeMM4OPjj15KB8Fmcoj29BtZWAS2ZwJ9fG0SYj6Ai6mwibqcCxzls1_u4EDg&x-client-SKU=ID_NET10_0&x-client-ver=8.15.0.0 → 302 (49ms, 1578B)
[2026-07-01T23:47:34.559Z] GET https://login.live.com/oauth20_authorize.srf?client_id=077c9b95-2f57-4442-8872-134fcc08fcb3&scope=openid+profile+email+offline_access&redirect_uri=https%3a%2f%2fwww.bing.com%2fidentity%2fidtokenv2&response_type=code&state=CfDJ8A8rLfEh4ZdMhJ19YNJ4FtT1Uuyn5d7AHdeZrU8ZIfAjbLNl3fdCp-QeAv8HZN-10v5sivoLuqgby_LDoae5c_yVnutCsac90Babeqb_1spEbN8b7rJALePrD4fbptO2aagiyjPUu0kMWlr5N0YE8TmdLuRiRacpAUMHmiYkGikrXvsc0YTSqCzzaWV08mujJl1sCQv0le4R7kVEbpCtsrwdnCf6fiXOkhswv6W8UgJ3n6pwLnRODdat9rAbYUbur4GwMdzK7oYGTgE6kSQWrOdROOJ-K7DVov9Jwbj8GnITWB-0PVJol-fclfK7UjqWrayXIIfutKBAamV9As0_l91uP1MaXzqjGqldWi8cyDPZBHsSUehMZihyXUN0GxZ8o-FRFiMeMM4OPjj15KB8Fmcoj29BtZWAS2ZwJ9fG0SYj6Ai6mwibqcCxzls1_u4EDg&response_mode=form_post&nonce=639185464541014493.ZmMxM2FmNzEtM2Y1Yi00M2ViLTgxN2QtNDBlNGJhNmY4NWM5OWFlNThhZTAtNjA1Mi00ODQ5LWJjMTUtYTMxNjdmNDc4MzIz&siwg=1&siwa=1&prompt=none&code_challenge=MnYGulaP6Q_lICG8MoG2tbRZ2Ln-DnYoiTnRoHKaS3Q&code_challenge_method=S256&x-client-SKU=ID_NET10_0&x-client-Ver=8.15.0.0&uaid=e7daef9c491d47068158575b882b678a&msproxy=1&issuer=mso&tenant=consumers&ui_locales=en-US&client_info=1&epctrc=mwPkeW9xlXd9gwV7k3M3wxo4BOFWQ0nLMBFGK6ncljk%3d3%3a1%3aCANARY%3ajOSNppfaPHgYNMmgf2MwqUDl%2bhebACC%2bu80%2fERkDhpM%3d&epct=PAQABDgEAAAAdDD7nC9b5Q7JPd_okEQRFRXZvU3RzQXJ0aWZhY3RzCAAAAAAAcRP3W1WfY34_PTsHzF04SW-8BeiMGUXE2ospzuobnIHoeTn-jBem8QZZF8HAeT1GH9CF231EAzKk-wsQlLU9C6IMEjxeeHJLoyAJbolyjYpNGpw3WkcSqhj7EVKoZXAJKdFESlViQfGCIyX9XwfoESQjV7Gp_fZc3osSVz4DTYvrWwhMdxtoEgnZbnZW0gpootjA09selC7YYHQSDtYq8CAA&jshs=0 → 200 (403ms, 933B)
[2026-07-01T23:47:34.749Z] POST https://challenges.cloudflare.com/cdn-cgi/challenge-platform/h/g/fo/1077319290:1782947232:nCjhCdiACOmp-yciLcprffle-irEi8S8hkQmJE_IoLA/a1494be7b85e8188/SL30sFHjuhu2N2GSX31ex.X25dXTvRPSwwCHQglZ3RE-1782949653-1.2.1.1-uZ_TFfrnYCaHTL9zuWffjyzZtGxsAUKSnZb9_Tf74OkTylxZQ4NYz7fPc9gBBS.N → 200 (121ms, 291610B)
[2026-07-01T23:47:34.968Z] GET blob:https://challenges.cloudflare.com/e8ad08aa-4742-4935-b6da-d0f160ea4070 → 200 (32ms, -72B)
[2026-07-01T23:47:34.993Z] POST https://www.bing.com/identity/idtokenv2 → 200 (53ms, 32B)
[2026-07-01T23:47:35.321Z] GET https://challenges.cloudflare.com/cdn-cgi/challenge-platform/h/g/pat/a1494be7b85e8188/1782949654370/c4477f71fdeb5218c96a735cb413a87eb9ccd583e47b156ef2250c4ee1a0d754/LK5HTeE3mNIk8_G → 401 (1ms, ?B)
[2026-07-01T23:47:35.670Z] GET blob:https://challenges.cloudflare.com/e8ad08aa-4742-4935-b6da-d0f160ea4070 → 200 (4ms, -72B)
[2026-07-01T23:47:36.466Z] POST https://www.bing.com/web/xlsc.aspx?dl=1&f=8 → pending (?ms, ?B)
[2026-07-01T23:47:36.951Z] GET https://challenges.cloudflare.com/cdn-cgi/challenge-platform/h/g/ci/a1494be7b85e8188/1782949654371/QtJxxjDub8OXLAC → 200 (14ms, 6803B)
[2026-07-01T23:47:37.118Z] POST https://challenges.cloudflare.com/cdn-cgi/challenge-platform/h/g/fo/1077319290:1782947232:nCjhCdiACOmp-yciLcprffle-irEi8S8hkQmJE_IoLA/a1494be7b85e8188/SL30sFHjuhu2N2GSX31ex.X25dXTvRPSwwCHQglZ3RE-1782949653-1.2.1.1-uZ_TFfrnYCaHTL9zuWffjyzZtGxsAUKSnZb9_Tf74OkTylxZQ4NYz7fPc9gBBS.N → 200 (52ms, 26247B)
[2026-07-01T23:47:37.186Z] GET blob:https://challenges.cloudflare.com/c611e980-7edd-46bf-984f-014621f8475a → 200 (30ms, -72B)
[2026-07-01T23:47:38.482Z] POST https://www.bing.com/web/xlsc.aspx?dl=1&f=8 → 204 (32ms, 13B)
[2026-07-01T23:47:39.621Z] GET https://mergersandinquisitions.com/corporate-development-careers/ → pending (?ms, ?B)
[2026-07-01T23:47:39.621Z] POST https://www.bing.com/web/xlsc.aspx?dl=1&f=8 → 204 (23ms, 13B)
[2026-07-01T23:47:41.173Z] GET https://fonts.googleapis.com/css?family=Roboto:400,500,700&display=swap → 200 (230ms, 1712B)
[2026-07-01T23:47:41.175Z] GET https://fonts.googleapis.com/css?family=Roboto:400,500,700&display=swap → 200 (152ms, 2156B)
[2026-07-01T23:47:41.175Z] GET https://www.mergersandinquisitions.com/wp-content/themes/anatta-theme/images/home-banner-desktop.jpg → pending (?ms, ?B)
[2026-07-01T23:47:41.175Z] GET https://mergersandinquisitions.com/wp-content/plugins/cleantalk-spam-protect/css/cleantalk-public.min.css?ver=6.82_1782800754 → 200 (51ms, 1185B)
[2026-07-01T23:47:41.175Z] GET https://mergersandinquisitions.com/wp-content/plugins/cleantalk-spam-protect/css/cleantalk-email-decoder.min.css?ver=6.82_1782800754 → 200 (57ms, 815B)
[2026-07-01T23:47:41.175Z] GET https://mergersandinquisitions.com/wp-content/plugins/cookie-notice/css/front.min.css?ver=3.1.2 → 200 (49ms, 1541B)
[2026-07-01T23:47:41.175Z] GET https://mergersandinquisitions.com/wp-content/plugins/novashare/css/style.min.css?ver=1.6.7 → 200 (67ms, 2305B)
[2026-07-01T23:47:41.175Z] GET https://mergersandinquisitions.com/wp-content/plugins/wp-user-avatar/assets/css/frontend.min.css?ver=4.16.18 → 200 (60ms, 17716B)
[2026-07-01T23:47:41.175Z] GET https://mergersandinquisitions.com/wp-content/plugins/wp-user-avatar/assets/flatpickr/flatpickr.min.css?ver=4.16.18 → 200 (69ms, 3144B)
[2026-07-01T23:47:41.176Z] GET https://mergersandinquisitions.com/wp-content/plugins/wp-user-avatar/assets/select2/select2.min.css?ver=7.0 → 200 (69ms, 2465B)
[2026-07-01T23:47:41.176Z] GET https://mergersandinquisitions.com/wp-content/uploads/uag-plugin/assets/4000/uag-css-3705.css?ver=1782693356 → 200 (206ms, 1735B)
[2026-07-01T23:47:41.176Z] GET https://mergersandinquisitions.com/wp-content/themes/anatta-theme/src/build/app.blog-single.build.css?ver=7.0 → 200 (73ms, 98249B)
[2026-07-01T23:47:41.176Z] GET https://fonts.googleapis.com/css?family=Roboto:400,500,700&display=swap&ver=7.0 → 200 (165ms, 1785B)
[2026-07-01T23:47:41.176Z] GET https://fonts.googleapis.com/css2?family=Montserrat:ital,wght@0,100..900;1,100..900&display=swap&ver=7.0 → 200 (174ms, 723B)
[2026-07-01T23:47:41.177Z] GET https://mergersandinquisitions.com/wp-content/themes/anatta-theme/css/jquery.fancybox.css?ver=2026-07-01%3A47%3A39 → 200 (175ms, 4403B)
[2026-07-01T23:47:41.177Z] GET https://mergersandinquisitions.com/wp-content/themes/anatta-theme/css/custom.css?ver=2026-07-01%3A47%3A39 → 200 (267ms, 25417B)
[2026-07-01T23:47:41.177Z] GET https://mergersandinquisitions.com/wp-content/plugins/ajax-search-lite/css/style.basic.css?ver=4.14.4 → 200 (75ms, 5007B)
[2026-07-01T23:47:41.178Z] GET https://mergersandinquisitions.com/wp-content/plugins/ajax-search-lite/css/style-curvy-black.css?ver=4.14.4 → 200 (73ms, 1606B)
[2026-07-01T23:47:41.178Z] GET https://mergersandinquisitions.com/wp-content/tablepress-custom.min.css?ver=40 → 200 (80ms, 386B)
[2026-07-01T23:47:41.178Z] GET https://mergersandinquisitions.com/wp-content/plugins/cleantalk-spam-protect/js/apbct-public-bundle_int-protection.min.js?ver=6.82_1782800754 → 200 (139ms, 27506B)
[2026-07-01T23:47:41.178Z] GET https://fd.cleantalk.org/ct-bot-detector-wrapper.js?ver=6.82 → pending (?ms, ?B)
[2026-07-01T23:47:41.178Z] GET https://mergersandinquisitions.com/wp-content/plugins/cookie-notice/js/front.min.js?ver=3.1.2 → 200 (89ms, 2660B)
[2026-07-01T23:47:41.178Z] GET https://mergersandinquisitions.com/wp-includes/js/jquery/jquery.min.js?ver=3.7.1 → 200 (95ms, 33814B)
[2026-07-01T23:47:41.178Z] GET https://mergersandinquisitions.com/wp-content/plugins/wp-user-avatar/assets/flatpickr/flatpickr.min.js?ver=4.16.18 → 200 (176ms, 16701B)
[2026-07-01T23:47:41.187Z] GET https://mergersandinquisitions.com/wp-content/plugins/wp-user-avatar/assets/select2/select2.min.js?ver=4.16.18 → 200 (168ms, 22651B)
[2026-07-01T23:47:41.187Z] GET https://fonts.googleapis.com/css?family=Open+Sans&display=swap → 200 (158ms, 1681B)
[2026-07-01T23:47:41.187Z] GET https://members.breakingintowallstreet.com/forms/2147827856/embed.js → pending (?ms, ?B)
[2026-07-01T23:47:41.187Z] GET https://mi-uploads-live.s3.amazonaws.com/wp-content/uploads/2019/01/22071227/corporate-development-careers-1.jpg → pending (?ms, ?B)
[2026-07-01T23:47:41.187Z] GET https://mergersandinquisitions.com/wp-content/plugins/wp-user-avatar/assets/js/frontend.min.js?ver=4.16.18 → 200 (166ms, 5387B)
[2026-07-01T23:47:41.188Z] GET https://mergersandinquisitions.com/wp-content/plugins/ultimate-addons-for-gutenberg/assets/js/table-of-contents.min.js?ver=2.19.28 → 200 (178ms, 3879B)
[2026-07-01T23:47:41.188Z] GET https://mergersandinquisitions.com/wp-content/uploads/uag-plugin/assets/4000/uag-js-3705.js?ver=1782693356 → 200 (251ms, 495B)
[2026-07-01T23:47:41.188Z] GET https://mergersandinquisitions.com/wp-content/themes/anatta-theme/js/jquery.fancybox.min.js?ver=1779099745 → 200 (309ms, 25272B)
[2026-07-01T23:47:41.188Z] GET https://mergersandinquisitions.com/wp-content/themes/anatta-theme/js/main.js?ver=1779099745 → pending (?ms, ?B)
[2026-07-01T23:47:41.188Z] GET https://mergersandinquisitions.com/wp-content/themes/anatta-theme/js/skip-link-focus-fix.js?ver=1662979197 → pending (?ms, ?B)
[2026-07-01T23:47:41.188Z] GET https://mergersandinquisitions.com/wp-content/themes/anatta-theme/src/build/app.min.js → pending (?ms, ?B)
[2026-07-01T23:47:41.188Z] GET https://mergersandinquisitions.com/wp-content/themes/anatta-theme/js/share-counter.js → pending (?ms, ?B)
[2026-07-01T23:47:41.188Z] GET https://mergersandinquisitions.com/wp-content/plugins/ajax-search-lite/js/min/plugin/merged/asl.min.js?ver=4786 → pending (?ms, ?B)
[2026-07-01T23:47:41.188Z] GET https://mergersandinquisitions.com/wp-content/plugins/wp-smush-pro/app/assets/js/smush-lazy-load.min.js?ver=4.1.2 → pending (?ms, ?B)
[2026-07-01T23:47:41.188Z] GET https://mergersandinquisitions.com/wp-includes/js/comment-reply.min.js?ver=7.0 → pending (?ms, ?B)
[2026-07-01T23:47:41.188Z] GET https://mergersandinquisitions.com/wp-content/plugins/akismet/_inc/akismet-frontend.js?ver=1777718658 → pending (?ms, ?B)
[2026-07-01T23:47:41.188Z] GET https://mergersandinquisitions.com/wp-content/plugins/what-would-seth-godin-do/assets/js/wwsgd.js?ver=2.2.1 → pending (?ms, ?B)
[2026-07-01T23:47:41.188Z] GET https://cdn.printfriendly.com/printfriendly.js → pending (?ms, ?B)
[2026-07-01T23:47:41.189Z] GET https://instant.page/5.1.0 → 200 (133ms, 1229B)
[2026-07-01T23:47:41.494Z] GET https://www.googletagmanager.com/gtm.js?id=GTM-KSG224 → pending (?ms, ?B)
[2026-07-01T23:47:41.495Z] GET https://cdnjs.cloudflare.com/ajax/libs/font-awesome/5.15.1/css/all.min.css → pending (?ms, ?B)
[2026-07-01T23:47:41.581Z] GET https://fonts.gstatic.com/s/roboto/v51/KFO7CnqEu92Fr1ME7kSn66aGLdTylUAMa3yUBA.woff2 → 200 (131ms, 43687B)
[2026-07-01T23:47:41.584Z] GET https://mergersandinquisitions.com/wp-content/themes/anatta-theme/images/home-banner-desktop.jpg → 200 (31ms, 120052B)
[2026-07-01T23:47:41.793Z] GET https://www.googletagmanager.com/gtag/js?id=G-1L7MTEDBJM&cx=c&gtm=4e66u1 → 200 (173ms, 186616B)
[2026-07-01T23:47:41.793Z] GET https://www.google-analytics.com/analytics.js → 200 (97ms, 21409B)
[2026-07-01T23:47:41.793Z] GET https://widget.wickedreports.com/CapitalCapableMediaLLC/trackfu.js → 200 (169ms, 357B)
[2026-07-01T23:47:41.794Z] GET https://my.hellobar.com/2616e561cc50589196ba53decd3325a6f8f4bc90.js → 200 (423ms, 1308B)
[2026-07-01T23:47:41.794Z] GET https://connect.facebook.net/en_US/fbevents.js → 200 (174ms, 103849B)
[2026-07-01T23:47:41.794Z] GET https://t.usermaven.com/lib.js → 200 (169ms, 15841B)
[2026-07-01T23:47:41.799Z] GET https://fonts.googleapis.com/css2?family=Inter:wght@400;500;600;700&display=swap → 200 (89ms, 771B)
[2026-07-01T23:47:41.799Z] GET https://kajabi-app-assets.kajabi-cdn.com/assets/form_embed-3a49b12193128ad87d0e989c4328fc95cdd597d02bf555b2aa415abb33319d86.css → 200 (157ms, 5834B)
[2026-07-01T23:47:41.799Z] GET https://kajabi-app-assets.kajabi-cdn.com/assets/form_embed-078db9fbd605f88cacf4be4e946422176a701acc2cd5302f65edd45a886797a1.js → 200 (168ms, 2382B)
[2026-07-01T23:47:41.801Z] GET https://fd.cleantalk.org/1.1.67/ct-bot-detector.min.js → 200 (167ms, 9616B)
[2026-07-01T23:47:41.954Z] POST https://www.google-analytics.com/j/collect?v=1&_v=j102&a=80551619&t=pageview&_s=1&dl=https%3A%2F%2Fmergersandinquisitions.com%2Fcorporate-development-careers%2F&ul=en-us&dt=Corporate%20Development%3A%20Career%20Path%2C%20Salaries%20%26%20Exit%20Opps&sr=1280x720&vp=1280x720&_u=YGBACEABBAAAACAEK~&jid=1917178966&gjid=1530657499&cid=911841266.1782949662&tid=UA-2751266-1&_gid=1806023240.1782949662&_r=1&_slc=1&gtm=45He66u1n71KSG224v6529781za200zd6529781&gcd=13l3l3l3l1l1&dma=0&tag_exp=0~115938465~115938469~118395335~119027224&z=614401971 → 200 (262ms, 459B)
[2026-07-01T23:47:41.979Z] GET https://members.breakingintowallstreet.com/forms/2147827856/embed.js → 200 (238ms, 1767B)
[2026-07-01T23:47:42.211Z] GET https://cdnjs.cloudflare.com/ajax/libs/font-awesome/5.15.1/webfonts/fa-solid-900.woff2 → 200 (178ms, 81007B)
[2026-07-01T23:47:42.246Z] GET https://my.hellobar.com/modules-v60.js → 200 (155ms, 40130B)
[2026-07-01T23:47:42.387Z] GET https://fonts.gstatic.com/s/inter/v20/UcC73FwrK3iLTeHuS_nVMrMxCp50SjIa1ZL7.woff2 → 200 (55ms, 48392B)
[2026-07-01T23:47:42.596Z] POST https://mergersandinquisitions.com/wp-json/cleantalk-antispam/v1/alt_sessions → pending (?ms, ?B)
[2026-07-01T23:47:42.597Z] POST https://mergersandinquisitions.com/wp-json/cleantalk-antispam/v1/alt_sessions → 200 (761ms, 535B)
[2026-07-01T23:47:42.646Z] POST https://events.usermaven.com/api/v1/event?token=UMb2W0JhRi → pending (?ms, ?B)
[2026-07-01T23:47:42.932Z] GET https://www.googletagmanager.com/gtag/destination?id=AW-1035261521&cx=c&gtm=4e66u1 → 200 (8ms, 143458B)
[2026-07-01T23:47:42.933Z] POST https://analytics.google.com/g/collect?v=2&tid=G-1L7MTEDBJM&gtm=45je66u1v899034193z86529781za20gzb6529781zd6529781&_p=1782949661490&_gaz=1&gcd=13l3l3l3l1l1&npa=0&dma=0&_eu=AAAAAGAC&are=1&cid=911841266.1782949662&frm=0&pscdl=noapi&rcb=15&sr=1280x720&uaa=x86&uab=64&uafvl=Not%253AA-Brand%3B99.0.0.0%7CHeadlessChrome%3B145.0.7632.6%7CChromium%3B145.0.7632.6&uam=&uamb=0&uap=Windows&uapv=19.0.0&uaw=0&ul=en-us&gaf=2&_s=1&tag_exp=115616985~115938465~115938468~119027224~119576881~119576885~119576891~119576895&sid=1782949662&sct=1&seg=0&dl=https%3A%2F%2Fmergersandinquisitions.com%2Fcorporate-development-careers%2F&dt=Corporate%20Development%3A%20Career%20Path%2C%20Salaries%20%26%20Exit%20Opps&en=page_view&_fv=1&_ss=1&gap.plf=5&tfd=3301 → 204 (185ms, ?B)
[2026-07-01T23:47:42.933Z] POST https://stats.g.doubleclick.net/g/collect?v=2&tid=G-1L7MTEDBJM&cid=911841266.1782949662&gtm=45je66u1v899034193z86529781za20gzb6529781zd6529781&rcb=15&aip=1&dma=0&gcd=13l3l3l3l1l1&npa=0&frm=0&tag_exp=115616985~115938465~115938468~119027224~119576881~119576885~119576891~119576895 → 204 (185ms, 556B)
[2026-07-01T23:47:42.964Z] POST https://fd-api.cleantalk.org/api3.0/frontend_data → 200 (415ms, 412B)
[2026-07-01T23:47:43.087Z] GET https://connect.facebook.net/signals/config/416659845456492?v=2.9.349&r=stable&domain=mergersandinquisitions.com&hme=f29d86973612db0f0627890a64bdc8c47b471189050b33f2680b7d76997afc9a&ex_m=107%2C208%2C158%2C22%2C73%2C74%2C149%2C69%2C68%2C11%2C167%2C93%2C16%2C141%2C130%2C39%2C76%2C81%2C137%2C163%2C169%2C8%2C4%2C5%2C7%2C6%2C3%2C94%2C104%2C170%2C175%2C222%2C30%2C75%2C234%2C233%2C232%2C23%2C33%2C55%2C106%2C61%2C10%2C64%2C100%2C101%2C102%2C108%2C133%2C31%2C29%2C135%2C136%2C132%2C131%2C159%2C77%2C162%2C160%2C161%2C50%2C60%2C126%2C15%2C166%2C45%2C279%2C280%2C278%2C26%2C27%2C28%2C48%2C150%2C78%2C115%2C18%2C20%2C44%2C40%2C42%2C41%2C86%2C95%2C99%2C113%2C148%2C151%2C46%2C114%2C24%2C21%2C122%2C70%2C36%2C153%2C152%2C154%2C145%2C143%2C25%2C35%2C59%2C112%2C165%2C71%2C17%2C156%2C117%2C84%2C67%2C19%2C88%2C89%2C119%2C87%2C139%2C138%2C142%2C164%2C34%2C293%2C309%2C215%2C204%2C62%2C205%2C203%2C312%2C303%2C52%2C216%2C110%2C134%2C83%2C124%2C54%2C47%2C49%2C116%2C123%2C129%2C128%2C58%2C65%2C63%2C155%2C79%2C80%2C118%2C37%2C32%2C53%2C56%2C103%2C168%2C1%2C127%2C14%2C125%2C12%2C2%2C57%2C96%2C66%2C121%2C92%2C91%2C171%2C172%2C97%2C98%2C9%2C105%2C51%2C146%2C90%2C82%2C72%2C120%2C109%2C43%2C147%2C0%2C85%2C140%2C144%2C157%2C38%2C111%2C13%2C173 → 200 (61ms, 59056B)
[2026-07-01T23:47:43.349Z] POST https://ad.doubleclick.net/ccm/s/collect?auid=162733910.1782949663&gtm=45be66u1z86529781za20gzb6529781zd6529781xea → 204 (68ms, ?B)
[2026-07-01T23:47:43.349Z] GET https://googleads.g.doubleclick.net/pagead/viewthroughconversion/1035261521/?random=1782949663215&cv=11&fst=1782949663215&bg=ffffff&guid=ON&async=1&gtm=45be66u1z86529781za20gzb6529781zd6529781xea&gcd=13l3l3l3l1l1&dma=0&tag_exp=115938465~115938469~118131810~118395333~119027224~119576881~119576885~119576891~119576895&u_w=1280&u_h=720&url=https%3A%2F%2Fmergersandinquisitions.com%2Fcorporate-development-careers%2F&rcb=18&label=RqqRCJu6iwIQ0azT7QM&frm=0&tiba=Corporate%20Development%3A%20Career%20Path%2C%20Salaries%20%26%20Exit%20Opps&hn=www.googleadservices.com&npa=0&pscdl=noapi&auid=162733910.1782949663&uaa=x86&uab=64&uafvl=Not%253AA-Brand%3B99.0.0.0%7CHeadlessChrome%3B145.0.7632.6%7CChromium%3B145.0.7632.6&uamb=0&uam=&uap=Windows&uapv=19.0.0&uaw=0&_tu=CA&ept=9&rfmt=3&fmt=4 → pending (?ms, ?B)
[2026-07-01T23:47:43.350Z] POST https://www.google.com/rmkt/collect/1035261521/?random=1782949663215&cv=11&fst=1782949663215&fmt=8&bg=ffffff&guid=ON&async=1&gtm=45be66u1z86529781za20gzb6529781zd6529781xea&gcd=13l3l3l3l1l1&dma=0&tag_exp=115938465~115938469~118131810~118395333~119027224~119576881~119576885~119576891~119576895&u_w=1280&u_h=720&url=https%3A%2F%2Fmergersandinquisitions.com%2Fcorporate-development-careers%2F&rcb=18&label=RqqRCJu6iwIQ0azT7QM&frm=0&tiba=Corporate%20Development%3A%20Career%20Path%2C%20Salaries%20%26%20Exit%20Opps&hn=www.googleadservices.com&npa=0&pscdl=noapi&auid=162733910.1782949663&uaa=x86&uab=64&uafvl=Not%253AA-Brand%3B99.0.0.0%7CHeadlessChrome%3B145.0.7632.6%7CChromium%3B145.0.7632.6&uamb=0&uam=&uap=Windows&uapv=19.0.0&uaw=0&_tu=CA&ept=68&gcp=5 → pending (?ms, ?B)
[2026-07-01T23:47:43.350Z] POST https://www.google.com/ccm/collect?rcb=18&frm=0&ae=g&auid=162733910.1782949663&dt=Corporate%20Development%3A%20Career%20Path%2C%20Salaries%20%26%20Exit%20Opps&dl=https%3A%2F%2Fmergersandinquisitions.com%2Fcorporate-development-careers%2F&scrsrc=www.googletagmanager.com&rnd=1588762157.1782949663&navt=n&npa=0&_tu=CA&gtm=45be66u1z86529781za20gzb6529781zd6529781xea&gcd=13l3l3l3l1l1&dma=0&tag_exp=115938465~115938469~118131810~118395333~119027224~119576881~119576885~119576891~119576895&apve=1&apvf=f&apvc=0&tids=AW-1035261521&tid=AW-1035261521&tft=1782949663343&tfd=3723&fmt=8 → pending (?ms, ?B)
[2026-07-01T23:47:43.379Z] POST https://mergersandinquisitions.com/wp-json/cleantalk-antispam/v1/alt_sessions → 200 (35ms, 162B)
[2026-07-01T23:47:43.611Z] GET https://www.google.com/pagead/1p-user-list/1035261521/?random=1782949663215&cv=11&fst=1782946800000&bg=ffffff&guid=ON&async=1&gtm=45be66u1z86529781za20gzb6529781zd6529781xea&gcd=13l3l3l3l1l1&dma=0&tag_exp=115938465~115938469~118131810~118395333~119027224~119576881~119576885~119576891~119576895&u_w=1280&u_h=720&url=https%3A%2F%2Fmergersandinquisitions.com%2Fcorporate-development-careers%2F&rcb=18&label=RqqRCJu6iwIQ0azT7QM&frm=0&tiba=Corporate%20Development%3A%20Career%20Path%2C%20Salaries%20%26%20Exit%20Opps&hn=www.googleadservices.com&npa=0&pscdl=noapi&auid=162733910.1782949663&uaa=x86&uab=64&uafvl=Not%253AA-Brand%3B99.0.0.0%7CHeadlessChrome%3B145.0.7632.6%7CChromium%3B145.0.7632.6&uamb=0&uam=&uap=Windows&uapv=19.0.0&uaw=0&_tu=CA&ept=9&rfmt=3&fmt=3&is_vtc=1&cid=CAQS7AEAEQoqgeU0B30_TWegaL9qj6TQOgMH-PYNsfI6gw3mba07JeDdXbsZPhnYgF0ahoZN9aFXd_DEFyEDPGV7z6lLXTxws77rhzxaKPA4b_EJqQEvd_LCmKpiuwjgIac6cwJOT2VanEKis-eTS1NAi5Xiraw0uBemsjItlnOuQqiMIIJt25HIFexqyjwp7bAwHLAyFfjYpduY18pQ3hhrBLa4p30oGBSdgX6zDxoaPnlwhALyh3vwQN9121-p-69EcBN6fz78rlD0DwhY8Xkde7mVYXahgpby5Atj2GoXDYv5ifolAPRNqetoAgMx2g&random=320477461&rmt_tld=0&ipr=y → 200 (40ms, 119B)
